Determining if the pthread_create exist failed with the following output:
Change Dir: /home/gse5/catkin_ws/build_isolated/cartographer_ros/CMakeFiles/CMakeTmp

Run Build Command:"/usr/bin/ninja" "cmTC_a8ee4"
[1/2] Building C object CMakeFiles/cmTC_a8ee4.dir/CheckSymbolExists.c.o
[2/2] Linking C executable cmTC_a8ee4
FAILED: cmTC_a8ee4 
: && /usr/bin/cc   -rdynamic CMakeFiles/cmTC_a8ee4.dir/CheckSymbolExists.c.o  -o cmTC_a8ee4   && :
CMakeFiles/cmTC_a8ee4.dir/CheckSymbolExists.c.o : Dans la fonction « main » :
CheckSymbolExists.c:(.text+0x1b) : référence indéfinie vers « pthread_create »
collect2: error: ld returned 1 exit status
ninja: build stopped: subcommand failed.

File /home/gse5/catkin_ws/build_isolated/cartographer_ros/CMakeFiles/CMakeTmp/CheckSymbolExists.c:
/* */
#include <pthread.h>

int main(int argc, char** argv)
{
  (void)argv;
#ifndef pthread_create
  return ((int*)(&pthread_create))[argc];
#else
  (void)argc;
  return 0;
#endif
}

Determining if the function pthread_create exists in the pthreads failed with the following output:
Change Dir: /home/gse5/catkin_ws/build_isolated/cartographer_ros/CMakeFiles/CMakeTmp

Run Build Command:"/usr/bin/ninja" "cmTC_02a6e"
[1/2] Building C object CMakeFiles/cmTC_02a6e.dir/CheckFunctionExists.c.o
[2/2] Linking C executable cmTC_02a6e
FAILED: cmTC_02a6e 
: && /usr/bin/cc -DCHECK_FUNCTION_EXISTS=pthread_create  -rdynamic CMakeFiles/cmTC_02a6e.dir/CheckFunctionExists.c.o  -o cmTC_02a6e  -lpthreads && :
/usr/bin/ld : ne peut trouver -lpthreads
collect2: error: ld returned 1 exit status
ninja: build stopped: subcommand failed.


Determining if the pthread_create exist failed with the following output:
Change Dir: /home/gse5/catkin_ws/build_isolated/cartographer_ros/CMakeFiles/CMakeTmp

Run Build Command:"/usr/bin/gmake" "cmTC_56fa4/fast"
/usr/bin/gmake -f CMakeFiles/cmTC_56fa4.dir/build.make CMakeFiles/cmTC_56fa4.dir/build
gmake[1] : on entre dans le répertoire « /home/gse5/catkin_ws/build_isolated/cartographer_ros/CMakeFiles/CMakeTmp »
Building C object CMakeFiles/cmTC_56fa4.dir/CheckSymbolExists.c.o
/usr/bin/cc    -o CMakeFiles/cmTC_56fa4.dir/CheckSymbolExists.c.o   -c /home/gse5/catkin_ws/build_isolated/cartographer_ros/CMakeFiles/CMakeTmp/CheckSymbolExists.c
Linking C executable cmTC_56fa4
/usr/bin/cmake -E cmake_link_script CMakeFiles/cmTC_56fa4.dir/link.txt --verbose=1
/usr/bin/cc      -rdynamic CMakeFiles/cmTC_56fa4.dir/CheckSymbolExists.c.o  -o cmTC_56fa4 
CMakeFiles/cmTC_56fa4.dir/CheckSymbolExists.c.o : Dans la fonction « main » :
CheckSymbolExists.c:(.text+0x1b) : référence indéfinie vers « pthread_create »
collect2: error: ld returned 1 exit status
CMakeFiles/cmTC_56fa4.dir/build.make:97: recipe for target 'cmTC_56fa4' failed
gmake[1]: *** [cmTC_56fa4] Error 1
gmake[1] : on quitte le répertoire « /home/gse5/catkin_ws/build_isolated/cartographer_ros/CMakeFiles/CMakeTmp »
Makefile:126: recipe for target 'cmTC_56fa4/fast' failed
gmake: *** [cmTC_56fa4/fast] Error 2

File /home/gse5/catkin_ws/build_isolated/cartographer_ros/CMakeFiles/CMakeTmp/CheckSymbolExists.c:
/* */
#include <pthread.h>

int main(int argc, char** argv)
{
  (void)argv;
#ifndef pthread_create
  return ((int*)(&pthread_create))[argc];
#else
  (void)argc;
  return 0;
#endif
}

Determining if the function pthread_create exists in the pthreads failed with the following output:
Change Dir: /home/gse5/catkin_ws/build_isolated/cartographer_ros/CMakeFiles/CMakeTmp

Run Build Command:"/usr/bin/gmake" "cmTC_42cb3/fast"
/usr/bin/gmake -f CMakeFiles/cmTC_42cb3.dir/build.make CMakeFiles/cmTC_42cb3.dir/build
gmake[1] : on entre dans le répertoire « /home/gse5/catkin_ws/build_isolated/cartographer_ros/CMakeFiles/CMakeTmp »
Building C object CMakeFiles/cmTC_42cb3.dir/CheckFunctionExists.c.o
/usr/bin/cc   -DCHECK_FUNCTION_EXISTS=pthread_create   -o CMakeFiles/cmTC_42cb3.dir/CheckFunctionExists.c.o   -c /usr/share/cmake-3.10/Modules/CheckFunctionExists.c
Linking C executable cmTC_42cb3
/usr/bin/cmake -E cmake_link_script CMakeFiles/cmTC_42cb3.dir/link.txt --verbose=1
/usr/bin/cc  -DCHECK_FUNCTION_EXISTS=pthread_create    -rdynamic CMakeFiles/cmTC_42cb3.dir/CheckFunctionExists.c.o  -o cmTC_42cb3 -lpthreads 
/usr/bin/ld : ne peut trouver -lpthreads
collect2: error: ld returned 1 exit status
CMakeFiles/cmTC_42cb3.dir/build.make:97: recipe for target 'cmTC_42cb3' failed
gmake[1]: *** [cmTC_42cb3] Error 1
gmake[1] : on quitte le répertoire « /home/gse5/catkin_ws/build_isolated/cartographer_ros/CMakeFiles/CMakeTmp »
Makefile:126: recipe for target 'cmTC_42cb3/fast' failed
gmake: *** [cmTC_42cb3/fast] Error 2


