Determining if the pthread_create exist failed with the following output:
Change Dir: /home/gse5/catkin_ws/build_isolated/ar_track_alvar/CMakeFiles/CMakeTmp

Run Build Command:"/usr/bin/gmake" "cmTC_89c91/fast"
/usr/bin/gmake -f CMakeFiles/cmTC_89c91.dir/build.make CMakeFiles/cmTC_89c91.dir/build
gmake[1] : on entre dans le répertoire « /home/gse5/catkin_ws/build_isolated/ar_track_alvar/CMakeFiles/CMakeTmp »
Building C object CMakeFiles/cmTC_89c91.dir/CheckSymbolExists.c.o
/usr/bin/cc    -o CMakeFiles/cmTC_89c91.dir/CheckSymbolExists.c.o   -c /home/gse5/catkin_ws/build_isolated/ar_track_alvar/CMakeFiles/CMakeTmp/CheckSymbolExists.c
Linking C executable cmTC_89c91
/usr/bin/cmake -E cmake_link_script CMakeFiles/cmTC_89c91.dir/link.txt --verbose=1
/usr/bin/cc      -rdynamic CMakeFiles/cmTC_89c91.dir/CheckSymbolExists.c.o  -o cmTC_89c91 
CMakeFiles/cmTC_89c91.dir/CheckSymbolExists.c.o : Dans la fonction « main » :
CheckSymbolExists.c:(.text+0x1b) : référence indéfinie vers « pthread_create »
collect2: error: ld returned 1 exit status
CMakeFiles/cmTC_89c91.dir/build.make:97: recipe for target 'cmTC_89c91' failed
gmake[1]: *** [cmTC_89c91] Error 1
gmake[1] : on quitte le répertoire « /home/gse5/catkin_ws/build_isolated/ar_track_alvar/CMakeFiles/CMakeTmp »
Makefile:126: recipe for target 'cmTC_89c91/fast' failed
gmake: *** [cmTC_89c91/fast] Error 2

File /home/gse5/catkin_ws/build_isolated/ar_track_alvar/CMakeFiles/CMakeTmp/CheckSymbolExists.c:
/* */
#include <pthread.h>

int main(int argc, char** argv)
{
  (void)argv;
#ifndef pthread_create
  return ((int*)(&pthread_create))[argc];
#else
  (void)argc;
  return 0;
#endif
}

Determining if the function pthread_create exists in the pthreads failed with the following output:
Change Dir: /home/gse5/catkin_ws/build_isolated/ar_track_alvar/CMakeFiles/CMakeTmp

Run Build Command:"/usr/bin/gmake" "cmTC_7d842/fast"
/usr/bin/gmake -f CMakeFiles/cmTC_7d842.dir/build.make CMakeFiles/cmTC_7d842.dir/build
gmake[1] : on entre dans le répertoire « /home/gse5/catkin_ws/build_isolated/ar_track_alvar/CMakeFiles/CMakeTmp »
Building C object CMakeFiles/cmTC_7d842.dir/CheckFunctionExists.c.o
/usr/bin/cc   -DCHECK_FUNCTION_EXISTS=pthread_create   -o CMakeFiles/cmTC_7d842.dir/CheckFunctionExists.c.o   -c /usr/share/cmake-3.10/Modules/CheckFunctionExists.c
Linking C executable cmTC_7d842
/usr/bin/cmake -E cmake_link_script CMakeFiles/cmTC_7d842.dir/link.txt --verbose=1
/usr/bin/cc  -DCHECK_FUNCTION_EXISTS=pthread_create    -rdynamic CMakeFiles/cmTC_7d842.dir/CheckFunctionExists.c.o  -o cmTC_7d842 -lpthreads 
/usr/bin/ld : ne peut trouver -lpthreads
collect2: error: ld returned 1 exit status
CMakeFiles/cmTC_7d842.dir/build.make:97: recipe for target 'cmTC_7d842' failed
gmake[1]: *** [cmTC_7d842] Error 1
gmake[1] : on quitte le répertoire « /home/gse5/catkin_ws/build_isolated/ar_track_alvar/CMakeFiles/CMakeTmp »
Makefile:126: recipe for target 'cmTC_7d842/fast' failed
gmake: *** [cmTC_7d842/fast] Error 2


Determining if the pthread_create exist failed with the following output:
Change Dir: /home/gse5/catkin_ws/build_isolated/ar_track_alvar/CMakeFiles/CMakeTmp

Run Build Command:"/usr/bin/gmake" "cmTC_1aa97/fast"
/usr/bin/gmake -f CMakeFiles/cmTC_1aa97.dir/build.make CMakeFiles/cmTC_1aa97.dir/build
gmake[1] : on entre dans le répertoire « /home/gse5/catkin_ws/build_isolated/ar_track_alvar/CMakeFiles/CMakeTmp »
Building C object CMakeFiles/cmTC_1aa97.dir/CheckSymbolExists.c.o
/usr/bin/cc    -o CMakeFiles/cmTC_1aa97.dir/CheckSymbolExists.c.o   -c /home/gse5/catkin_ws/build_isolated/ar_track_alvar/CMakeFiles/CMakeTmp/CheckSymbolExists.c
Linking C executable cmTC_1aa97
/usr/bin/cmake -E cmake_link_script CMakeFiles/cmTC_1aa97.dir/link.txt --verbose=1
/usr/bin/cc      -rdynamic CMakeFiles/cmTC_1aa97.dir/CheckSymbolExists.c.o  -o cmTC_1aa97 
CMakeFiles/cmTC_1aa97.dir/CheckSymbolExists.c.o : Dans la fonction « main » :
CheckSymbolExists.c:(.text+0x1b) : référence indéfinie vers « pthread_create »
collect2: error: ld returned 1 exit status
CMakeFiles/cmTC_1aa97.dir/build.make:97: recipe for target 'cmTC_1aa97' failed
gmake[1]: *** [cmTC_1aa97] Error 1
gmake[1] : on quitte le répertoire « /home/gse5/catkin_ws/build_isolated/ar_track_alvar/CMakeFiles/CMakeTmp »
Makefile:126: recipe for target 'cmTC_1aa97/fast' failed
gmake: *** [cmTC_1aa97/fast] Error 2

File /home/gse5/catkin_ws/build_isolated/ar_track_alvar/CMakeFiles/CMakeTmp/CheckSymbolExists.c:
/* */
#include <pthread.h>

int main(int argc, char** argv)
{
  (void)argv;
#ifndef pthread_create
  return ((int*)(&pthread_create))[argc];
#else
  (void)argc;
  return 0;
#endif
}

Determining if the function pthread_create exists in the pthreads failed with the following output:
Change Dir: /home/gse5/catkin_ws/build_isolated/ar_track_alvar/CMakeFiles/CMakeTmp

Run Build Command:"/usr/bin/gmake" "cmTC_a0685/fast"
/usr/bin/gmake -f CMakeFiles/cmTC_a0685.dir/build.make CMakeFiles/cmTC_a0685.dir/build
gmake[1] : on entre dans le répertoire « /home/gse5/catkin_ws/build_isolated/ar_track_alvar/CMakeFiles/CMakeTmp »
Building C object CMakeFiles/cmTC_a0685.dir/CheckFunctionExists.c.o
/usr/bin/cc   -DCHECK_FUNCTION_EXISTS=pthread_create   -o CMakeFiles/cmTC_a0685.dir/CheckFunctionExists.c.o   -c /usr/share/cmake-3.10/Modules/CheckFunctionExists.c
Linking C executable cmTC_a0685
/usr/bin/cmake -E cmake_link_script CMakeFiles/cmTC_a0685.dir/link.txt --verbose=1
/usr/bin/cc  -DCHECK_FUNCTION_EXISTS=pthread_create    -rdynamic CMakeFiles/cmTC_a0685.dir/CheckFunctionExists.c.o  -o cmTC_a0685 -lpthreads 
/usr/bin/ld : ne peut trouver -lpthreads
collect2: error: ld returned 1 exit status
CMakeFiles/cmTC_a0685.dir/build.make:97: recipe for target 'cmTC_a0685' failed
gmake[1]: *** [cmTC_a0685] Error 1
gmake[1] : on quitte le répertoire « /home/gse5/catkin_ws/build_isolated/ar_track_alvar/CMakeFiles/CMakeTmp »
Makefile:126: recipe for target 'cmTC_a0685/fast' failed
gmake: *** [cmTC_a0685/fast] Error 2


