Determining if the pthread_create exist failed with the following output:
Change Dir: /home/gse5/catkin_ws/cartographer_ws/build_isolated/jackal_desktop/CMakeFiles/CMakeTmp

Run Build Command:"/usr/bin/ninja" "cmTC_5c5be"
[1/2] Building C object CMakeFiles/cmTC_5c5be.dir/CheckSymbolExists.c.o
[2/2] Linking C executable cmTC_5c5be
FAILED: cmTC_5c5be 
: && /usr/bin/cc   -rdynamic CMakeFiles/cmTC_5c5be.dir/CheckSymbolExists.c.o  -o cmTC_5c5be   && :
CMakeFiles/cmTC_5c5be.dir/CheckSymbolExists.c.o : Dans la fonction « main » :
CheckSymbolExists.c:(.text+0x1b) : référence indéfinie vers « pthread_create »
collect2: error: ld returned 1 exit status
ninja: build stopped: subcommand failed.

File /home/gse5/catkin_ws/cartographer_ws/build_isolated/jackal_desktop/CMakeFiles/CMakeTmp/CheckSymbolExists.c:
/* */
#include <pthread.h>

int main(int argc, char** argv)
{
  (void)argv;
#ifndef pthread_create
  return ((int*)(&pthread_create))[argc];
#else
  (void)argc;
  return 0;
#endif
}

Determining if the function pthread_create exists in the pthreads failed with the following output:
Change Dir: /home/gse5/catkin_ws/cartographer_ws/build_isolated/jackal_desktop/CMakeFiles/CMakeTmp

Run Build Command:"/usr/bin/ninja" "cmTC_af6db"
[1/2] Building C object CMakeFiles/cmTC_af6db.dir/CheckFunctionExists.c.o
[2/2] Linking C executable cmTC_af6db
FAILED: cmTC_af6db 
: && /usr/bin/cc -DCHECK_FUNCTION_EXISTS=pthread_create  -rdynamic CMakeFiles/cmTC_af6db.dir/CheckFunctionExists.c.o  -o cmTC_af6db  -lpthreads && :
/usr/bin/ld : ne peut trouver -lpthreads
collect2: error: ld returned 1 exit status
ninja: build stopped: subcommand failed.


