Determining if the pthread_create exist failed with the following output:
Change Dir: /home/gse5/catkin_ws/build_isolated/gazebo_plugins/CMakeFiles/CMakeTmp

Run Build Command:"/usr/bin/gmake" "cmTC_6e57a/fast"
/usr/bin/gmake -f CMakeFiles/cmTC_6e57a.dir/build.make CMakeFiles/cmTC_6e57a.dir/build
gmake[1] : on entre dans le répertoire « /home/gse5/catkin_ws/build_isolated/gazebo_plugins/CMakeFiles/CMakeTmp »
Building C object CMakeFiles/cmTC_6e57a.dir/CheckSymbolExists.c.o
/usr/bin/cc    -o CMakeFiles/cmTC_6e57a.dir/CheckSymbolExists.c.o   -c /home/gse5/catkin_ws/build_isolated/gazebo_plugins/CMakeFiles/CMakeTmp/CheckSymbolExists.c
Linking C executable cmTC_6e57a
/usr/bin/cmake -E cmake_link_script CMakeFiles/cmTC_6e57a.dir/link.txt --verbose=1
/usr/bin/cc      -rdynamic CMakeFiles/cmTC_6e57a.dir/CheckSymbolExists.c.o  -o cmTC_6e57a 
CMakeFiles/cmTC_6e57a.dir/CheckSymbolExists.c.o : Dans la fonction « main » :
CheckSymbolExists.c:(.text+0x1b) : référence indéfinie vers « pthread_create »
collect2: error: ld returned 1 exit status
CMakeFiles/cmTC_6e57a.dir/build.make:97: recipe for target 'cmTC_6e57a' failed
gmake[1]: *** [cmTC_6e57a] Error 1
gmake[1] : on quitte le répertoire « /home/gse5/catkin_ws/build_isolated/gazebo_plugins/CMakeFiles/CMakeTmp »
Makefile:126: recipe for target 'cmTC_6e57a/fast' failed
gmake: *** [cmTC_6e57a/fast] Error 2

File /home/gse5/catkin_ws/build_isolated/gazebo_plugins/CMakeFiles/CMakeTmp/CheckSymbolExists.c:
/* */
#include <pthread.h>

int main(int argc, char** argv)
{
  (void)argv;
#ifndef pthread_create
  return ((int*)(&pthread_create))[argc];
#else
  (void)argc;
  return 0;
#endif
}

Determining if the function pthread_create exists in the pthreads failed with the following output:
Change Dir: /home/gse5/catkin_ws/build_isolated/gazebo_plugins/CMakeFiles/CMakeTmp

Run Build Command:"/usr/bin/gmake" "cmTC_4223d/fast"
/usr/bin/gmake -f CMakeFiles/cmTC_4223d.dir/build.make CMakeFiles/cmTC_4223d.dir/build
gmake[1] : on entre dans le répertoire « /home/gse5/catkin_ws/build_isolated/gazebo_plugins/CMakeFiles/CMakeTmp »
Building C object CMakeFiles/cmTC_4223d.dir/CheckFunctionExists.c.o
/usr/bin/cc   -DCHECK_FUNCTION_EXISTS=pthread_create   -o CMakeFiles/cmTC_4223d.dir/CheckFunctionExists.c.o   -c /usr/share/cmake-3.10/Modules/CheckFunctionExists.c
Linking C executable cmTC_4223d
/usr/bin/cmake -E cmake_link_script CMakeFiles/cmTC_4223d.dir/link.txt --verbose=1
/usr/bin/cc  -DCHECK_FUNCTION_EXISTS=pthread_create    -rdynamic CMakeFiles/cmTC_4223d.dir/CheckFunctionExists.c.o  -o cmTC_4223d -lpthreads 
/usr/bin/ld : ne peut trouver -lpthreads
collect2: error: ld returned 1 exit status
CMakeFiles/cmTC_4223d.dir/build.make:97: recipe for target 'cmTC_4223d' failed
gmake[1]: *** [cmTC_4223d] Error 1
gmake[1] : on quitte le répertoire « /home/gse5/catkin_ws/build_isolated/gazebo_plugins/CMakeFiles/CMakeTmp »
Makefile:126: recipe for target 'cmTC_4223d/fast' failed
gmake: *** [cmTC_4223d/fast] Error 2


