Determining if the pthread_create exist failed with the following output:
Change Dir: /home/odroid/catkin_ws/build_isolated/cartographer_ros/CMakeFiles/CMakeTmp

Run Build Command:"/usr/bin/ninja" "cmTC_44ae3"
[1/2] Building C object CMakeFiles/cmTC_44ae3.dir/CheckSymbolExists.c.o
[2/2] Linking C executable cmTC_44ae3
FAILED: : && /usr/bin/cc     CMakeFiles/cmTC_44ae3.dir/CheckSymbolExists.c.o  -o cmTC_44ae3  -rdynamic && :
CMakeFiles/cmTC_44ae3.dir/CheckSymbolExists.c.o：在函数‘main’中：
CheckSymbolExists.c:(.text+0xe)：对‘pthread_create’未定义的引用
CheckSymbolExists.c:(.text+0x12)：对‘pthread_create’未定义的引用
collect2: error: ld returned 1 exit status
ninja: build stopped: subcommand failed.

File /home/odroid/catkin_ws/build_isolated/cartographer_ros/CMakeFiles/CMakeTmp/CheckSymbolExists.c:
/* */
#include <pthread.h>

int main(int argc, char** argv)
{
  (void)argv;
#ifndef pthread_create
  return ((int*)(&pthread_create))[argc];
#else
  (void)argc;
  return 0;
#endif
}

Determining if the function pthread_create exists in the pthreads failed with the following output:
Change Dir: /home/odroid/catkin_ws/build_isolated/cartographer_ros/CMakeFiles/CMakeTmp

Run Build Command:"/usr/bin/ninja" "cmTC_8def8"
[1/2] Building C object CMakeFiles/cmTC_8def8.dir/CheckFunctionExists.c.o
[2/2] Linking C executable cmTC_8def8
FAILED: : && /usr/bin/cc  -DCHECK_FUNCTION_EXISTS=pthread_create   CMakeFiles/cmTC_8def8.dir/CheckFunctionExists.c.o  -o cmTC_8def8  -rdynamic -lpthreads && :
/usr/bin/ld: 找不到 -lpthreads
collect2: error: ld returned 1 exit status
ninja: build stopped: subcommand failed.


Determining if the pthread_create exist failed with the following output:
Change Dir: /home/odroid/catkin_ws/build_isolated/cartographer_ros/CMakeFiles/CMakeTmp

Run Build Command:"/usr/bin/make" "cmTC_cce63/fast"
/usr/bin/make -f CMakeFiles/cmTC_cce63.dir/build.make CMakeFiles/cmTC_cce63.dir/build
make[1]: Entering directory '/home/odroid/catkin_ws/build_isolated/cartographer_ros/CMakeFiles/CMakeTmp'
Building C object CMakeFiles/cmTC_cce63.dir/CheckSymbolExists.c.o
/usr/bin/cc     -o CMakeFiles/cmTC_cce63.dir/CheckSymbolExists.c.o   -c /home/odroid/catkin_ws/build_isolated/cartographer_ros/CMakeFiles/CMakeTmp/CheckSymbolExists.c
Linking C executable cmTC_cce63
/usr/bin/cmake -E cmake_link_script CMakeFiles/cmTC_cce63.dir/link.txt --verbose=1
/usr/bin/cc       CMakeFiles/cmTC_cce63.dir/CheckSymbolExists.c.o  -o cmTC_cce63 -rdynamic 
CMakeFiles/cmTC_cce63.dir/CheckSymbolExists.c.o：在函数‘main’中：
CheckSymbolExists.c:(.text+0xe)：对‘pthread_create’未定义的引用
CheckSymbolExists.c:(.text+0x12)：对‘pthread_create’未定义的引用
collect2: error: ld returned 1 exit status
CMakeFiles/cmTC_cce63.dir/build.make:97: recipe for target 'cmTC_cce63' failed
make[1]: *** [cmTC_cce63] Error 1
make[1]: Leaving directory '/home/odroid/catkin_ws/build_isolated/cartographer_ros/CMakeFiles/CMakeTmp'
Makefile:126: recipe for target 'cmTC_cce63/fast' failed
make: *** [cmTC_cce63/fast] Error 2

File /home/odroid/catkin_ws/build_isolated/cartographer_ros/CMakeFiles/CMakeTmp/CheckSymbolExists.c:
/* */
#include <pthread.h>

int main(int argc, char** argv)
{
  (void)argv;
#ifndef pthread_create
  return ((int*)(&pthread_create))[argc];
#else
  (void)argc;
  return 0;
#endif
}

Determining if the function pthread_create exists in the pthreads failed with the following output:
Change Dir: /home/odroid/catkin_ws/build_isolated/cartographer_ros/CMakeFiles/CMakeTmp

Run Build Command:"/usr/bin/make" "cmTC_9576d/fast"
/usr/bin/make -f CMakeFiles/cmTC_9576d.dir/build.make CMakeFiles/cmTC_9576d.dir/build
make[1]: Entering directory '/home/odroid/catkin_ws/build_isolated/cartographer_ros/CMakeFiles/CMakeTmp'
Building C object CMakeFiles/cmTC_9576d.dir/CheckFunctionExists.c.o
/usr/bin/cc    -DCHECK_FUNCTION_EXISTS=pthread_create   -o CMakeFiles/cmTC_9576d.dir/CheckFunctionExists.c.o   -c /usr/share/cmake-3.5/Modules/CheckFunctionExists.c
Linking C executable cmTC_9576d
/usr/bin/cmake -E cmake_link_script CMakeFiles/cmTC_9576d.dir/link.txt --verbose=1
/usr/bin/cc   -DCHECK_FUNCTION_EXISTS=pthread_create    CMakeFiles/cmTC_9576d.dir/CheckFunctionExists.c.o  -o cmTC_9576d -rdynamic -lpthreads 
/usr/bin/ld: 找不到 -lpthreads
collect2: error: ld returned 1 exit status
CMakeFiles/cmTC_9576d.dir/build.make:97: recipe for target 'cmTC_9576d' failed
make[1]: *** [cmTC_9576d] Error 1
make[1]: Leaving directory '/home/odroid/catkin_ws/build_isolated/cartographer_ros/CMakeFiles/CMakeTmp'
Makefile:126: recipe for target 'cmTC_9576d/fast' failed
make: *** [cmTC_9576d/fast] Error 2


