Determining if the pthread_create exist failed with the following output:
Change Dir: /home/gse5/catkin_ws/cartographer_ws/build_isolated/cartographer_rviz/CMakeFiles/CMakeTmp

Run Build Command:"/usr/bin/ninja" "cmTC_14069"
[1/2] Building C object CMakeFiles/cmTC_14069.dir/CheckSymbolExists.c.o
[2/2] Linking C executable cmTC_14069
FAILED: cmTC_14069 
: && /usr/bin/cc   -rdynamic CMakeFiles/cmTC_14069.dir/CheckSymbolExists.c.o  -o cmTC_14069   && :
CMakeFiles/cmTC_14069.dir/CheckSymbolExists.c.o : Dans la fonction « main » :
CheckSymbolExists.c:(.text+0x1b) : référence indéfinie vers « pthread_create »
collect2: error: ld returned 1 exit status
ninja: build stopped: subcommand failed.

File /home/gse5/catkin_ws/cartographer_ws/build_isolated/cartographer_rviz/CMakeFiles/CMakeTmp/CheckSymbolExists.c:
/* */
#include <pthread.h>

int main(int argc, char** argv)
{
  (void)argv;
#ifndef pthread_create
  return ((int*)(&pthread_create))[argc];
#else
  (void)argc;
  return 0;
#endif
}

Determining if the function pthread_create exists in the pthreads failed with the following output:
Change Dir: /home/gse5/catkin_ws/cartographer_ws/build_isolated/cartographer_rviz/CMakeFiles/CMakeTmp

Run Build Command:"/usr/bin/ninja" "cmTC_c5f82"
[1/2] Building C object CMakeFiles/cmTC_c5f82.dir/CheckFunctionExists.c.o
[2/2] Linking C executable cmTC_c5f82
FAILED: cmTC_c5f82 
: && /usr/bin/cc -DCHECK_FUNCTION_EXISTS=pthread_create  -rdynamic CMakeFiles/cmTC_c5f82.dir/CheckFunctionExists.c.o  -o cmTC_c5f82  -lpthreads && :
/usr/bin/ld : ne peut trouver -lpthreads
collect2: error: ld returned 1 exit status
ninja: build stopped: subcommand failed.


