Determining if the pthread_create exist failed with the following output:
Change Dir: /home/gse5/catkin_ws/build_isolated/turtlebot_simulator/CMakeFiles/CMakeTmp

Run Build Command:"/usr/bin/gmake" "cmTC_1a93a/fast"
/usr/bin/gmake -f CMakeFiles/cmTC_1a93a.dir/build.make CMakeFiles/cmTC_1a93a.dir/build
gmake[1] : on entre dans le répertoire « /home/gse5/catkin_ws/build_isolated/turtlebot_simulator/CMakeFiles/CMakeTmp »
Building C object CMakeFiles/cmTC_1a93a.dir/CheckSymbolExists.c.o
/usr/bin/cc    -o CMakeFiles/cmTC_1a93a.dir/CheckSymbolExists.c.o   -c /home/gse5/catkin_ws/build_isolated/turtlebot_simulator/CMakeFiles/CMakeTmp/CheckSymbolExists.c
Linking C executable cmTC_1a93a
/usr/bin/cmake -E cmake_link_script CMakeFiles/cmTC_1a93a.dir/link.txt --verbose=1
/usr/bin/cc      -rdynamic CMakeFiles/cmTC_1a93a.dir/CheckSymbolExists.c.o  -o cmTC_1a93a 
CMakeFiles/cmTC_1a93a.dir/CheckSymbolExists.c.o : Dans la fonction « main » :
CheckSymbolExists.c:(.text+0x1b) : référence indéfinie vers « pthread_create »
collect2: error: ld returned 1 exit status
CMakeFiles/cmTC_1a93a.dir/build.make:97: recipe for target 'cmTC_1a93a' failed
gmake[1]: *** [cmTC_1a93a] Error 1
gmake[1] : on quitte le répertoire « /home/gse5/catkin_ws/build_isolated/turtlebot_simulator/CMakeFiles/CMakeTmp »
Makefile:126: recipe for target 'cmTC_1a93a/fast' failed
gmake: *** [cmTC_1a93a/fast] Error 2

File /home/gse5/catkin_ws/build_isolated/turtlebot_simulator/CMakeFiles/CMakeTmp/CheckSymbolExists.c:
/* */
#include <pthread.h>

int main(int argc, char** argv)
{
  (void)argv;
#ifndef pthread_create
  return ((int*)(&pthread_create))[argc];
#else
  (void)argc;
  return 0;
#endif
}

Determining if the function pthread_create exists in the pthreads failed with the following output:
Change Dir: /home/gse5/catkin_ws/build_isolated/turtlebot_simulator/CMakeFiles/CMakeTmp

Run Build Command:"/usr/bin/gmake" "cmTC_56173/fast"
/usr/bin/gmake -f CMakeFiles/cmTC_56173.dir/build.make CMakeFiles/cmTC_56173.dir/build
gmake[1] : on entre dans le répertoire « /home/gse5/catkin_ws/build_isolated/turtlebot_simulator/CMakeFiles/CMakeTmp »
Building C object CMakeFiles/cmTC_56173.dir/CheckFunctionExists.c.o
/usr/bin/cc   -DCHECK_FUNCTION_EXISTS=pthread_create   -o CMakeFiles/cmTC_56173.dir/CheckFunctionExists.c.o   -c /usr/share/cmake-3.10/Modules/CheckFunctionExists.c
Linking C executable cmTC_56173
/usr/bin/cmake -E cmake_link_script CMakeFiles/cmTC_56173.dir/link.txt --verbose=1
/usr/bin/cc  -DCHECK_FUNCTION_EXISTS=pthread_create    -rdynamic CMakeFiles/cmTC_56173.dir/CheckFunctionExists.c.o  -o cmTC_56173 -lpthreads 
/usr/bin/ld : ne peut trouver -lpthreads
collect2: error: ld returned 1 exit status
CMakeFiles/cmTC_56173.dir/build.make:97: recipe for target 'cmTC_56173' failed
gmake[1]: *** [cmTC_56173] Error 1
gmake[1] : on quitte le répertoire « /home/gse5/catkin_ws/build_isolated/turtlebot_simulator/CMakeFiles/CMakeTmp »
Makefile:126: recipe for target 'cmTC_56173/fast' failed
gmake: *** [cmTC_56173/fast] Error 2


