Determining if the pthread_create exist failed with the following output:
Change Dir: /home/gse5/catkin_ws/build_isolated/turtlebot_rapps/CMakeFiles/CMakeTmp

Run Build Command:"/usr/bin/gmake" "cmTC_08e43/fast"
/usr/bin/gmake -f CMakeFiles/cmTC_08e43.dir/build.make CMakeFiles/cmTC_08e43.dir/build
gmake[1] : on entre dans le répertoire « /home/gse5/catkin_ws/build_isolated/turtlebot_rapps/CMakeFiles/CMakeTmp »
Building C object CMakeFiles/cmTC_08e43.dir/CheckSymbolExists.c.o
/usr/bin/cc    -o CMakeFiles/cmTC_08e43.dir/CheckSymbolExists.c.o   -c /home/gse5/catkin_ws/build_isolated/turtlebot_rapps/CMakeFiles/CMakeTmp/CheckSymbolExists.c
Linking C executable cmTC_08e43
/usr/bin/cmake -E cmake_link_script CMakeFiles/cmTC_08e43.dir/link.txt --verbose=1
/usr/bin/cc      -rdynamic CMakeFiles/cmTC_08e43.dir/CheckSymbolExists.c.o  -o cmTC_08e43 
CMakeFiles/cmTC_08e43.dir/CheckSymbolExists.c.o : Dans la fonction « main » :
CheckSymbolExists.c:(.text+0x1b) : référence indéfinie vers « pthread_create »
collect2: error: ld returned 1 exit status
CMakeFiles/cmTC_08e43.dir/build.make:97: recipe for target 'cmTC_08e43' failed
gmake[1]: *** [cmTC_08e43] Error 1
gmake[1] : on quitte le répertoire « /home/gse5/catkin_ws/build_isolated/turtlebot_rapps/CMakeFiles/CMakeTmp »
Makefile:126: recipe for target 'cmTC_08e43/fast' failed
gmake: *** [cmTC_08e43/fast] Error 2

File /home/gse5/catkin_ws/build_isolated/turtlebot_rapps/CMakeFiles/CMakeTmp/CheckSymbolExists.c:
/* */
#include <pthread.h>

int main(int argc, char** argv)
{
  (void)argv;
#ifndef pthread_create
  return ((int*)(&pthread_create))[argc];
#else
  (void)argc;
  return 0;
#endif
}

Determining if the function pthread_create exists in the pthreads failed with the following output:
Change Dir: /home/gse5/catkin_ws/build_isolated/turtlebot_rapps/CMakeFiles/CMakeTmp

Run Build Command:"/usr/bin/gmake" "cmTC_75a7b/fast"
/usr/bin/gmake -f CMakeFiles/cmTC_75a7b.dir/build.make CMakeFiles/cmTC_75a7b.dir/build
gmake[1] : on entre dans le répertoire « /home/gse5/catkin_ws/build_isolated/turtlebot_rapps/CMakeFiles/CMakeTmp »
Building C object CMakeFiles/cmTC_75a7b.dir/CheckFunctionExists.c.o
/usr/bin/cc   -DCHECK_FUNCTION_EXISTS=pthread_create   -o CMakeFiles/cmTC_75a7b.dir/CheckFunctionExists.c.o   -c /usr/share/cmake-3.10/Modules/CheckFunctionExists.c
Linking C executable cmTC_75a7b
/usr/bin/cmake -E cmake_link_script CMakeFiles/cmTC_75a7b.dir/link.txt --verbose=1
/usr/bin/cc  -DCHECK_FUNCTION_EXISTS=pthread_create    -rdynamic CMakeFiles/cmTC_75a7b.dir/CheckFunctionExists.c.o  -o cmTC_75a7b -lpthreads 
/usr/bin/ld : ne peut trouver -lpthreads
collect2: error: ld returned 1 exit status
CMakeFiles/cmTC_75a7b.dir/build.make:97: recipe for target 'cmTC_75a7b' failed
gmake[1]: *** [cmTC_75a7b] Error 1
gmake[1] : on quitte le répertoire « /home/gse5/catkin_ws/build_isolated/turtlebot_rapps/CMakeFiles/CMakeTmp »
Makefile:126: recipe for target 'cmTC_75a7b/fast' failed
gmake: *** [cmTC_75a7b/fast] Error 2


