Determining if the pthread_create exist failed with the following output:
Change Dir: /home/odroid/catkin_ws/build_isolated/cartographer_ros_msgs/CMakeFiles/CMakeTmp

Run Build Command:"/usr/bin/ninja" "cmTC_9683c"
[1/2] Building C object CMakeFiles/cmTC_9683c.dir/CheckSymbolExists.c.o
[2/2] Linking C executable cmTC_9683c
FAILED: : && /usr/bin/cc     CMakeFiles/cmTC_9683c.dir/CheckSymbolExists.c.o  -o cmTC_9683c  -rdynamic && :
CMakeFiles/cmTC_9683c.dir/CheckSymbolExists.c.o：在函数‘main’中：
CheckSymbolExists.c:(.text+0xe)：对‘pthread_create’未定义的引用
CheckSymbolExists.c:(.text+0x12)：对‘pthread_create’未定义的引用
collect2: error: ld returned 1 exit status
ninja: build stopped: subcommand failed.

File /home/odroid/catkin_ws/build_isolated/cartographer_ros_msgs/CMakeFiles/CMakeTmp/CheckSymbolExists.c:
/* */
#include <pthread.h>

int main(int argc, char** argv)
{
  (void)argv;
#ifndef pthread_create
  return ((int*)(&pthread_create))[argc];
#else
  (void)argc;
  return 0;
#endif
}

Determining if the function pthread_create exists in the pthreads failed with the following output:
Change Dir: /home/odroid/catkin_ws/build_isolated/cartographer_ros_msgs/CMakeFiles/CMakeTmp

Run Build Command:"/usr/bin/ninja" "cmTC_97a64"
[1/2] Building C object CMakeFiles/cmTC_97a64.dir/CheckFunctionExists.c.o
[2/2] Linking C executable cmTC_97a64
FAILED: : && /usr/bin/cc  -DCHECK_FUNCTION_EXISTS=pthread_create   CMakeFiles/cmTC_97a64.dir/CheckFunctionExists.c.o  -o cmTC_97a64  -rdynamic -lpthreads && :
/usr/bin/ld: 找不到 -lpthreads
collect2: error: ld returned 1 exit status
ninja: build stopped: subcommand failed.


Determining if the pthread_create exist failed with the following output:
Change Dir: /home/odroid/catkin_ws/build_isolated/cartographer_ros_msgs/CMakeFiles/CMakeTmp

Run Build Command:"/usr/bin/make" "cmTC_07289/fast"
/usr/bin/make -f CMakeFiles/cmTC_07289.dir/build.make CMakeFiles/cmTC_07289.dir/build
make[1]: Entering directory '/home/odroid/catkin_ws/build_isolated/cartographer_ros_msgs/CMakeFiles/CMakeTmp'
Building C object CMakeFiles/cmTC_07289.dir/CheckSymbolExists.c.o
/usr/bin/cc     -o CMakeFiles/cmTC_07289.dir/CheckSymbolExists.c.o   -c /home/odroid/catkin_ws/build_isolated/cartographer_ros_msgs/CMakeFiles/CMakeTmp/CheckSymbolExists.c
Linking C executable cmTC_07289
/usr/bin/cmake -E cmake_link_script CMakeFiles/cmTC_07289.dir/link.txt --verbose=1
/usr/bin/cc       CMakeFiles/cmTC_07289.dir/CheckSymbolExists.c.o  -o cmTC_07289 -rdynamic 
CMakeFiles/cmTC_07289.dir/CheckSymbolExists.c.o：在函数‘main’中：
CheckSymbolExists.c:(.text+0xe)：对‘pthread_create’未定义的引用
CheckSymbolExists.c:(.text+0x12)：对‘pthread_create’未定义的引用
collect2: error: ld returned 1 exit status
CMakeFiles/cmTC_07289.dir/build.make:97: recipe for target 'cmTC_07289' failed
make[1]: *** [cmTC_07289] Error 1
make[1]: Leaving directory '/home/odroid/catkin_ws/build_isolated/cartographer_ros_msgs/CMakeFiles/CMakeTmp'
Makefile:126: recipe for target 'cmTC_07289/fast' failed
make: *** [cmTC_07289/fast] Error 2

File /home/odroid/catkin_ws/build_isolated/cartographer_ros_msgs/CMakeFiles/CMakeTmp/CheckSymbolExists.c:
/* */
#include <pthread.h>

int main(int argc, char** argv)
{
  (void)argv;
#ifndef pthread_create
  return ((int*)(&pthread_create))[argc];
#else
  (void)argc;
  return 0;
#endif
}

Determining if the function pthread_create exists in the pthreads failed with the following output:
Change Dir: /home/odroid/catkin_ws/build_isolated/cartographer_ros_msgs/CMakeFiles/CMakeTmp

Run Build Command:"/usr/bin/make" "cmTC_7f515/fast"
/usr/bin/make -f CMakeFiles/cmTC_7f515.dir/build.make CMakeFiles/cmTC_7f515.dir/build
make[1]: Entering directory '/home/odroid/catkin_ws/build_isolated/cartographer_ros_msgs/CMakeFiles/CMakeTmp'
Building C object CMakeFiles/cmTC_7f515.dir/CheckFunctionExists.c.o
/usr/bin/cc    -DCHECK_FUNCTION_EXISTS=pthread_create   -o CMakeFiles/cmTC_7f515.dir/CheckFunctionExists.c.o   -c /usr/share/cmake-3.5/Modules/CheckFunctionExists.c
Linking C executable cmTC_7f515
/usr/bin/cmake -E cmake_link_script CMakeFiles/cmTC_7f515.dir/link.txt --verbose=1
/usr/bin/cc   -DCHECK_FUNCTION_EXISTS=pthread_create    CMakeFiles/cmTC_7f515.dir/CheckFunctionExists.c.o  -o cmTC_7f515 -rdynamic -lpthreads 
/usr/bin/ld: 找不到 -lpthreads
collect2: error: ld returned 1 exit status
CMakeFiles/cmTC_7f515.dir/build.make:97: recipe for target 'cmTC_7f515' failed
make[1]: *** [cmTC_7f515] Error 1
make[1]: Leaving directory '/home/odroid/catkin_ws/build_isolated/cartographer_ros_msgs/CMakeFiles/CMakeTmp'
Makefile:126: recipe for target 'cmTC_7f515/fast' failed
make: *** [cmTC_7f515/fast] Error 2


