Determining if the pthread_create exist failed with the following output:
Change Dir: /home/gse5/catkin_ws/build_isolated/hector_map_tools/CMakeFiles/CMakeTmp

Run Build Command:"/usr/bin/gmake" "cmTC_c2608/fast"
/usr/bin/gmake -f CMakeFiles/cmTC_c2608.dir/build.make CMakeFiles/cmTC_c2608.dir/build
gmake[1] : on entre dans le répertoire « /home/gse5/catkin_ws/build_isolated/hector_map_tools/CMakeFiles/CMakeTmp »
Building C object CMakeFiles/cmTC_c2608.dir/CheckSymbolExists.c.o
/usr/bin/cc    -o CMakeFiles/cmTC_c2608.dir/CheckSymbolExists.c.o   -c /home/gse5/catkin_ws/build_isolated/hector_map_tools/CMakeFiles/CMakeTmp/CheckSymbolExists.c
Linking C executable cmTC_c2608
/usr/bin/cmake -E cmake_link_script CMakeFiles/cmTC_c2608.dir/link.txt --verbose=1
/usr/bin/cc      -rdynamic CMakeFiles/cmTC_c2608.dir/CheckSymbolExists.c.o  -o cmTC_c2608 
CMakeFiles/cmTC_c2608.dir/CheckSymbolExists.c.o : Dans la fonction « main » :
CheckSymbolExists.c:(.text+0x1b) : référence indéfinie vers « pthread_create »
collect2: error: ld returned 1 exit status
CMakeFiles/cmTC_c2608.dir/build.make:97: recipe for target 'cmTC_c2608' failed
gmake[1]: *** [cmTC_c2608] Error 1
gmake[1] : on quitte le répertoire « /home/gse5/catkin_ws/build_isolated/hector_map_tools/CMakeFiles/CMakeTmp »
Makefile:126: recipe for target 'cmTC_c2608/fast' failed
gmake: *** [cmTC_c2608/fast] Error 2

File /home/gse5/catkin_ws/build_isolated/hector_map_tools/CMakeFiles/CMakeTmp/CheckSymbolExists.c:
/* */
#include <pthread.h>

int main(int argc, char** argv)
{
  (void)argv;
#ifndef pthread_create
  return ((int*)(&pthread_create))[argc];
#else
  (void)argc;
  return 0;
#endif
}

Determining if the function pthread_create exists in the pthreads failed with the following output:
Change Dir: /home/gse5/catkin_ws/build_isolated/hector_map_tools/CMakeFiles/CMakeTmp

Run Build Command:"/usr/bin/gmake" "cmTC_e381d/fast"
/usr/bin/gmake -f CMakeFiles/cmTC_e381d.dir/build.make CMakeFiles/cmTC_e381d.dir/build
gmake[1] : on entre dans le répertoire « /home/gse5/catkin_ws/build_isolated/hector_map_tools/CMakeFiles/CMakeTmp »
Building C object CMakeFiles/cmTC_e381d.dir/CheckFunctionExists.c.o
/usr/bin/cc   -DCHECK_FUNCTION_EXISTS=pthread_create   -o CMakeFiles/cmTC_e381d.dir/CheckFunctionExists.c.o   -c /usr/share/cmake-3.10/Modules/CheckFunctionExists.c
Linking C executable cmTC_e381d
/usr/bin/cmake -E cmake_link_script CMakeFiles/cmTC_e381d.dir/link.txt --verbose=1
/usr/bin/cc  -DCHECK_FUNCTION_EXISTS=pthread_create    -rdynamic CMakeFiles/cmTC_e381d.dir/CheckFunctionExists.c.o  -o cmTC_e381d -lpthreads 
/usr/bin/ld : ne peut trouver -lpthreads
collect2: error: ld returned 1 exit status
CMakeFiles/cmTC_e381d.dir/build.make:97: recipe for target 'cmTC_e381d' failed
gmake[1]: *** [cmTC_e381d] Error 1
gmake[1] : on quitte le répertoire « /home/gse5/catkin_ws/build_isolated/hector_map_tools/CMakeFiles/CMakeTmp »
Makefile:126: recipe for target 'cmTC_e381d/fast' failed
gmake: *** [cmTC_e381d/fast] Error 2


