Determining if the pthread_create exist failed with the following output:
Change Dir: /home/gse5/catkin_ws/cartographer_ws/build_isolated/jackal_control/CMakeFiles/CMakeTmp

Run Build Command:"/usr/bin/ninja" "cmTC_acaf4"
[1/2] Building C object CMakeFiles/cmTC_acaf4.dir/CheckSymbolExists.c.o
[2/2] Linking C executable cmTC_acaf4
FAILED: cmTC_acaf4 
: && /usr/bin/cc   -rdynamic CMakeFiles/cmTC_acaf4.dir/CheckSymbolExists.c.o  -o cmTC_acaf4   && :
CMakeFiles/cmTC_acaf4.dir/CheckSymbolExists.c.o : Dans la fonction « main » :
CheckSymbolExists.c:(.text+0x1b) : référence indéfinie vers « pthread_create »
collect2: error: ld returned 1 exit status
ninja: build stopped: subcommand failed.

File /home/gse5/catkin_ws/cartographer_ws/build_isolated/jackal_control/CMakeFiles/CMakeTmp/CheckSymbolExists.c:
/* */
#include <pthread.h>

int main(int argc, char** argv)
{
  (void)argv;
#ifndef pthread_create
  return ((int*)(&pthread_create))[argc];
#else
  (void)argc;
  return 0;
#endif
}

Determining if the function pthread_create exists in the pthreads failed with the following output:
Change Dir: /home/gse5/catkin_ws/cartographer_ws/build_isolated/jackal_control/CMakeFiles/CMakeTmp

Run Build Command:"/usr/bin/ninja" "cmTC_46746"
[1/2] Building C object CMakeFiles/cmTC_46746.dir/CheckFunctionExists.c.o
[2/2] Linking C executable cmTC_46746
FAILED: cmTC_46746 
: && /usr/bin/cc -DCHECK_FUNCTION_EXISTS=pthread_create  -rdynamic CMakeFiles/cmTC_46746.dir/CheckFunctionExists.c.o  -o cmTC_46746  -lpthreads && :
/usr/bin/ld : ne peut trouver -lpthreads
collect2: error: ld returned 1 exit status
ninja: build stopped: subcommand failed.


