Determining if the pthread_create exist failed with the following output:
Change Dir: /home/gse5/catkin_ws/build_isolated/cartographer_ros_msgs/CMakeFiles/CMakeTmp

Run Build Command:"/usr/bin/ninja" "cmTC_cf3dc"
[1/2] Building C object CMakeFiles/cmTC_cf3dc.dir/CheckSymbolExists.c.o
[2/2] Linking C executable cmTC_cf3dc
FAILED: cmTC_cf3dc 
: && /usr/bin/cc   -rdynamic CMakeFiles/cmTC_cf3dc.dir/CheckSymbolExists.c.o  -o cmTC_cf3dc   && :
CMakeFiles/cmTC_cf3dc.dir/CheckSymbolExists.c.o : Dans la fonction « main » :
CheckSymbolExists.c:(.text+0x1b) : référence indéfinie vers « pthread_create »
collect2: error: ld returned 1 exit status
ninja: build stopped: subcommand failed.

File /home/gse5/catkin_ws/build_isolated/cartographer_ros_msgs/CMakeFiles/CMakeTmp/CheckSymbolExists.c:
/* */
#include <pthread.h>

int main(int argc, char** argv)
{
  (void)argv;
#ifndef pthread_create
  return ((int*)(&pthread_create))[argc];
#else
  (void)argc;
  return 0;
#endif
}

Determining if the function pthread_create exists in the pthreads failed with the following output:
Change Dir: /home/gse5/catkin_ws/build_isolated/cartographer_ros_msgs/CMakeFiles/CMakeTmp

Run Build Command:"/usr/bin/ninja" "cmTC_982a4"
[1/2] Building C object CMakeFiles/cmTC_982a4.dir/CheckFunctionExists.c.o
[2/2] Linking C executable cmTC_982a4
FAILED: cmTC_982a4 
: && /usr/bin/cc -DCHECK_FUNCTION_EXISTS=pthread_create  -rdynamic CMakeFiles/cmTC_982a4.dir/CheckFunctionExists.c.o  -o cmTC_982a4  -lpthreads && :
/usr/bin/ld : ne peut trouver -lpthreads
collect2: error: ld returned 1 exit status
ninja: build stopped: subcommand failed.


Determining if the pthread_create exist failed with the following output:
Change Dir: /home/gse5/catkin_ws/build_isolated/cartographer_ros_msgs/CMakeFiles/CMakeTmp

Run Build Command:"/usr/bin/gmake" "cmTC_5635f/fast"
/usr/bin/gmake -f CMakeFiles/cmTC_5635f.dir/build.make CMakeFiles/cmTC_5635f.dir/build
gmake[1] : on entre dans le répertoire « /home/gse5/catkin_ws/build_isolated/cartographer_ros_msgs/CMakeFiles/CMakeTmp »
Building C object CMakeFiles/cmTC_5635f.dir/CheckSymbolExists.c.o
/usr/bin/cc    -o CMakeFiles/cmTC_5635f.dir/CheckSymbolExists.c.o   -c /home/gse5/catkin_ws/build_isolated/cartographer_ros_msgs/CMakeFiles/CMakeTmp/CheckSymbolExists.c
Linking C executable cmTC_5635f
/usr/bin/cmake -E cmake_link_script CMakeFiles/cmTC_5635f.dir/link.txt --verbose=1
/usr/bin/cc      -rdynamic CMakeFiles/cmTC_5635f.dir/CheckSymbolExists.c.o  -o cmTC_5635f 
CMakeFiles/cmTC_5635f.dir/CheckSymbolExists.c.o : Dans la fonction « main » :
CheckSymbolExists.c:(.text+0x1b) : référence indéfinie vers « pthread_create »
collect2: error: ld returned 1 exit status
CMakeFiles/cmTC_5635f.dir/build.make:97: recipe for target 'cmTC_5635f' failed
gmake[1]: *** [cmTC_5635f] Error 1
gmake[1] : on quitte le répertoire « /home/gse5/catkin_ws/build_isolated/cartographer_ros_msgs/CMakeFiles/CMakeTmp »
Makefile:126: recipe for target 'cmTC_5635f/fast' failed
gmake: *** [cmTC_5635f/fast] Error 2

File /home/gse5/catkin_ws/build_isolated/cartographer_ros_msgs/CMakeFiles/CMakeTmp/CheckSymbolExists.c:
/* */
#include <pthread.h>

int main(int argc, char** argv)
{
  (void)argv;
#ifndef pthread_create
  return ((int*)(&pthread_create))[argc];
#else
  (void)argc;
  return 0;
#endif
}

Determining if the function pthread_create exists in the pthreads failed with the following output:
Change Dir: /home/gse5/catkin_ws/build_isolated/cartographer_ros_msgs/CMakeFiles/CMakeTmp

Run Build Command:"/usr/bin/gmake" "cmTC_37916/fast"
/usr/bin/gmake -f CMakeFiles/cmTC_37916.dir/build.make CMakeFiles/cmTC_37916.dir/build
gmake[1] : on entre dans le répertoire « /home/gse5/catkin_ws/build_isolated/cartographer_ros_msgs/CMakeFiles/CMakeTmp »
Building C object CMakeFiles/cmTC_37916.dir/CheckFunctionExists.c.o
/usr/bin/cc   -DCHECK_FUNCTION_EXISTS=pthread_create   -o CMakeFiles/cmTC_37916.dir/CheckFunctionExists.c.o   -c /usr/share/cmake-3.10/Modules/CheckFunctionExists.c
Linking C executable cmTC_37916
/usr/bin/cmake -E cmake_link_script CMakeFiles/cmTC_37916.dir/link.txt --verbose=1
/usr/bin/cc  -DCHECK_FUNCTION_EXISTS=pthread_create    -rdynamic CMakeFiles/cmTC_37916.dir/CheckFunctionExists.c.o  -o cmTC_37916 -lpthreads 
/usr/bin/ld : ne peut trouver -lpthreads
collect2: error: ld returned 1 exit status
CMakeFiles/cmTC_37916.dir/build.make:97: recipe for target 'cmTC_37916' failed
gmake[1]: *** [cmTC_37916] Error 1
gmake[1] : on quitte le répertoire « /home/gse5/catkin_ws/build_isolated/cartographer_ros_msgs/CMakeFiles/CMakeTmp »
Makefile:126: recipe for target 'cmTC_37916/fast' failed
gmake: *** [cmTC_37916/fast] Error 2


