Determining if the pthread_create exist failed with the following output:
Change Dir: /home/gse5/catkin_ws/build_isolated/hector_slam_launch/CMakeFiles/CMakeTmp

Run Build Command:"/usr/bin/gmake" "cmTC_74e8e/fast"
/usr/bin/gmake -f CMakeFiles/cmTC_74e8e.dir/build.make CMakeFiles/cmTC_74e8e.dir/build
gmake[1] : on entre dans le répertoire « /home/gse5/catkin_ws/build_isolated/hector_slam_launch/CMakeFiles/CMakeTmp »
Building C object CMakeFiles/cmTC_74e8e.dir/CheckSymbolExists.c.o
/usr/bin/cc    -o CMakeFiles/cmTC_74e8e.dir/CheckSymbolExists.c.o   -c /home/gse5/catkin_ws/build_isolated/hector_slam_launch/CMakeFiles/CMakeTmp/CheckSymbolExists.c
Linking C executable cmTC_74e8e
/usr/bin/cmake -E cmake_link_script CMakeFiles/cmTC_74e8e.dir/link.txt --verbose=1
/usr/bin/cc      -rdynamic CMakeFiles/cmTC_74e8e.dir/CheckSymbolExists.c.o  -o cmTC_74e8e 
CMakeFiles/cmTC_74e8e.dir/CheckSymbolExists.c.o : Dans la fonction « main » :
CheckSymbolExists.c:(.text+0x1b) : référence indéfinie vers « pthread_create »
collect2: error: ld returned 1 exit status
CMakeFiles/cmTC_74e8e.dir/build.make:97: recipe for target 'cmTC_74e8e' failed
gmake[1]: *** [cmTC_74e8e] Error 1
gmake[1] : on quitte le répertoire « /home/gse5/catkin_ws/build_isolated/hector_slam_launch/CMakeFiles/CMakeTmp »
Makefile:126: recipe for target 'cmTC_74e8e/fast' failed
gmake: *** [cmTC_74e8e/fast] Error 2

File /home/gse5/catkin_ws/build_isolated/hector_slam_launch/CMakeFiles/CMakeTmp/CheckSymbolExists.c:
/* */
#include <pthread.h>

int main(int argc, char** argv)
{
  (void)argv;
#ifndef pthread_create
  return ((int*)(&pthread_create))[argc];
#else
  (void)argc;
  return 0;
#endif
}

Determining if the function pthread_create exists in the pthreads failed with the following output:
Change Dir: /home/gse5/catkin_ws/build_isolated/hector_slam_launch/CMakeFiles/CMakeTmp

Run Build Command:"/usr/bin/gmake" "cmTC_a2c90/fast"
/usr/bin/gmake -f CMakeFiles/cmTC_a2c90.dir/build.make CMakeFiles/cmTC_a2c90.dir/build
gmake[1] : on entre dans le répertoire « /home/gse5/catkin_ws/build_isolated/hector_slam_launch/CMakeFiles/CMakeTmp »
Building C object CMakeFiles/cmTC_a2c90.dir/CheckFunctionExists.c.o
/usr/bin/cc   -DCHECK_FUNCTION_EXISTS=pthread_create   -o CMakeFiles/cmTC_a2c90.dir/CheckFunctionExists.c.o   -c /usr/share/cmake-3.10/Modules/CheckFunctionExists.c
Linking C executable cmTC_a2c90
/usr/bin/cmake -E cmake_link_script CMakeFiles/cmTC_a2c90.dir/link.txt --verbose=1
/usr/bin/cc  -DCHECK_FUNCTION_EXISTS=pthread_create    -rdynamic CMakeFiles/cmTC_a2c90.dir/CheckFunctionExists.c.o  -o cmTC_a2c90 -lpthreads 
/usr/bin/ld : ne peut trouver -lpthreads
collect2: error: ld returned 1 exit status
CMakeFiles/cmTC_a2c90.dir/build.make:97: recipe for target 'cmTC_a2c90' failed
gmake[1]: *** [cmTC_a2c90] Error 1
gmake[1] : on quitte le répertoire « /home/gse5/catkin_ws/build_isolated/hector_slam_launch/CMakeFiles/CMakeTmp »
Makefile:126: recipe for target 'cmTC_a2c90/fast' failed
gmake: *** [cmTC_a2c90/fast] Error 2


