Determining if the pthread_create exist failed with the following output:
Change Dir: /home/gse5/catkin_ws/build_isolated/cartographer_rviz/CMakeFiles/CMakeTmp

Run Build Command:"/usr/bin/ninja" "cmTC_c73fa"
[1/2] Building C object CMakeFiles/cmTC_c73fa.dir/CheckSymbolExists.c.o
[2/2] Linking C executable cmTC_c73fa
FAILED: cmTC_c73fa 
: && /usr/bin/cc   -rdynamic CMakeFiles/cmTC_c73fa.dir/CheckSymbolExists.c.o  -o cmTC_c73fa   && :
CMakeFiles/cmTC_c73fa.dir/CheckSymbolExists.c.o : Dans la fonction « main » :
CheckSymbolExists.c:(.text+0x1b) : référence indéfinie vers « pthread_create »
collect2: error: ld returned 1 exit status
ninja: build stopped: subcommand failed.

File /home/gse5/catkin_ws/build_isolated/cartographer_rviz/CMakeFiles/CMakeTmp/CheckSymbolExists.c:
/* */
#include <pthread.h>

int main(int argc, char** argv)
{
  (void)argv;
#ifndef pthread_create
  return ((int*)(&pthread_create))[argc];
#else
  (void)argc;
  return 0;
#endif
}

Determining if the function pthread_create exists in the pthreads failed with the following output:
Change Dir: /home/gse5/catkin_ws/build_isolated/cartographer_rviz/CMakeFiles/CMakeTmp

Run Build Command:"/usr/bin/ninja" "cmTC_4bc75"
[1/2] Building C object CMakeFiles/cmTC_4bc75.dir/CheckFunctionExists.c.o
[2/2] Linking C executable cmTC_4bc75
FAILED: cmTC_4bc75 
: && /usr/bin/cc -DCHECK_FUNCTION_EXISTS=pthread_create  -rdynamic CMakeFiles/cmTC_4bc75.dir/CheckFunctionExists.c.o  -o cmTC_4bc75  -lpthreads && :
/usr/bin/ld : ne peut trouver -lpthreads
collect2: error: ld returned 1 exit status
ninja: build stopped: subcommand failed.


Determining if the pthread_create exist failed with the following output:
Change Dir: /home/gse5/catkin_ws/build_isolated/cartographer_rviz/CMakeFiles/CMakeTmp

Run Build Command:"/usr/bin/gmake" "cmTC_f8583/fast"
/usr/bin/gmake -f CMakeFiles/cmTC_f8583.dir/build.make CMakeFiles/cmTC_f8583.dir/build
gmake[1] : on entre dans le répertoire « /home/gse5/catkin_ws/build_isolated/cartographer_rviz/CMakeFiles/CMakeTmp »
Building C object CMakeFiles/cmTC_f8583.dir/CheckSymbolExists.c.o
/usr/bin/cc    -o CMakeFiles/cmTC_f8583.dir/CheckSymbolExists.c.o   -c /home/gse5/catkin_ws/build_isolated/cartographer_rviz/CMakeFiles/CMakeTmp/CheckSymbolExists.c
Linking C executable cmTC_f8583
/usr/bin/cmake -E cmake_link_script CMakeFiles/cmTC_f8583.dir/link.txt --verbose=1
/usr/bin/cc      -rdynamic CMakeFiles/cmTC_f8583.dir/CheckSymbolExists.c.o  -o cmTC_f8583 
CMakeFiles/cmTC_f8583.dir/CheckSymbolExists.c.o : Dans la fonction « main » :
CheckSymbolExists.c:(.text+0x1b) : référence indéfinie vers « pthread_create »
collect2: error: ld returned 1 exit status
CMakeFiles/cmTC_f8583.dir/build.make:97: recipe for target 'cmTC_f8583' failed
gmake[1]: *** [cmTC_f8583] Error 1
gmake[1] : on quitte le répertoire « /home/gse5/catkin_ws/build_isolated/cartographer_rviz/CMakeFiles/CMakeTmp »
Makefile:126: recipe for target 'cmTC_f8583/fast' failed
gmake: *** [cmTC_f8583/fast] Error 2

File /home/gse5/catkin_ws/build_isolated/cartographer_rviz/CMakeFiles/CMakeTmp/CheckSymbolExists.c:
/* */
#include <pthread.h>

int main(int argc, char** argv)
{
  (void)argv;
#ifndef pthread_create
  return ((int*)(&pthread_create))[argc];
#else
  (void)argc;
  return 0;
#endif
}

Determining if the function pthread_create exists in the pthreads failed with the following output:
Change Dir: /home/gse5/catkin_ws/build_isolated/cartographer_rviz/CMakeFiles/CMakeTmp

Run Build Command:"/usr/bin/gmake" "cmTC_0020c/fast"
/usr/bin/gmake -f CMakeFiles/cmTC_0020c.dir/build.make CMakeFiles/cmTC_0020c.dir/build
gmake[1] : on entre dans le répertoire « /home/gse5/catkin_ws/build_isolated/cartographer_rviz/CMakeFiles/CMakeTmp »
Building C object CMakeFiles/cmTC_0020c.dir/CheckFunctionExists.c.o
/usr/bin/cc   -DCHECK_FUNCTION_EXISTS=pthread_create   -o CMakeFiles/cmTC_0020c.dir/CheckFunctionExists.c.o   -c /usr/share/cmake-3.10/Modules/CheckFunctionExists.c
Linking C executable cmTC_0020c
/usr/bin/cmake -E cmake_link_script CMakeFiles/cmTC_0020c.dir/link.txt --verbose=1
/usr/bin/cc  -DCHECK_FUNCTION_EXISTS=pthread_create    -rdynamic CMakeFiles/cmTC_0020c.dir/CheckFunctionExists.c.o  -o cmTC_0020c -lpthreads 
/usr/bin/ld : ne peut trouver -lpthreads
collect2: error: ld returned 1 exit status
CMakeFiles/cmTC_0020c.dir/build.make:97: recipe for target 'cmTC_0020c' failed
gmake[1]: *** [cmTC_0020c] Error 1
gmake[1] : on quitte le répertoire « /home/gse5/catkin_ws/build_isolated/cartographer_rviz/CMakeFiles/CMakeTmp »
Makefile:126: recipe for target 'cmTC_0020c/fast' failed
gmake: *** [cmTC_0020c/fast] Error 2


