Determining if the pthread_create exist failed with the following output:
Change Dir: /home/odroid/catkin_ws/build_isolated/cartographer_rviz/CMakeFiles/CMakeTmp

Run Build Command:"/usr/bin/ninja" "cmTC_20236"
[1/2] Building C object CMakeFiles/cmTC_20236.dir/CheckSymbolExists.c.o
[2/2] Linking C executable cmTC_20236
FAILED: : && /usr/bin/cc     CMakeFiles/cmTC_20236.dir/CheckSymbolExists.c.o  -o cmTC_20236  -rdynamic && :
CMakeFiles/cmTC_20236.dir/CheckSymbolExists.c.o：在函数‘main’中：
CheckSymbolExists.c:(.text+0xe)：对‘pthread_create’未定义的引用
CheckSymbolExists.c:(.text+0x12)：对‘pthread_create’未定义的引用
collect2: error: ld returned 1 exit status
ninja: build stopped: subcommand failed.

File /home/odroid/catkin_ws/build_isolated/cartographer_rviz/CMakeFiles/CMakeTmp/CheckSymbolExists.c:
/* */
#include <pthread.h>

int main(int argc, char** argv)
{
  (void)argv;
#ifndef pthread_create
  return ((int*)(&pthread_create))[argc];
#else
  (void)argc;
  return 0;
#endif
}

Determining if the function pthread_create exists in the pthreads failed with the following output:
Change Dir: /home/odroid/catkin_ws/build_isolated/cartographer_rviz/CMakeFiles/CMakeTmp

Run Build Command:"/usr/bin/ninja" "cmTC_ee4be"
[1/2] Building C object CMakeFiles/cmTC_ee4be.dir/CheckFunctionExists.c.o
[2/2] Linking C executable cmTC_ee4be
FAILED: : && /usr/bin/cc  -DCHECK_FUNCTION_EXISTS=pthread_create   CMakeFiles/cmTC_ee4be.dir/CheckFunctionExists.c.o  -o cmTC_ee4be  -rdynamic -lpthreads && :
/usr/bin/ld: 找不到 -lpthreads
collect2: error: ld returned 1 exit status
ninja: build stopped: subcommand failed.


Determining if the pthread_create exist failed with the following output:
Change Dir: /home/odroid/catkin_ws/build_isolated/cartographer_rviz/CMakeFiles/CMakeTmp

Run Build Command:"/usr/bin/make" "cmTC_4bef8/fast"
/usr/bin/make -f CMakeFiles/cmTC_4bef8.dir/build.make CMakeFiles/cmTC_4bef8.dir/build
make[1]: Entering directory '/home/odroid/catkin_ws/build_isolated/cartographer_rviz/CMakeFiles/CMakeTmp'
Building C object CMakeFiles/cmTC_4bef8.dir/CheckSymbolExists.c.o
/usr/bin/cc     -o CMakeFiles/cmTC_4bef8.dir/CheckSymbolExists.c.o   -c /home/odroid/catkin_ws/build_isolated/cartographer_rviz/CMakeFiles/CMakeTmp/CheckSymbolExists.c
Linking C executable cmTC_4bef8
/usr/bin/cmake -E cmake_link_script CMakeFiles/cmTC_4bef8.dir/link.txt --verbose=1
/usr/bin/cc       CMakeFiles/cmTC_4bef8.dir/CheckSymbolExists.c.o  -o cmTC_4bef8 -rdynamic 
CMakeFiles/cmTC_4bef8.dir/CheckSymbolExists.c.o：在函数‘main’中：
CheckSymbolExists.c:(.text+0xe)：对‘pthread_create’未定义的引用
CheckSymbolExists.c:(.text+0x12)：对‘pthread_create’未定义的引用
collect2: error: ld returned 1 exit status
CMakeFiles/cmTC_4bef8.dir/build.make:97: recipe for target 'cmTC_4bef8' failed
make[1]: *** [cmTC_4bef8] Error 1
make[1]: Leaving directory '/home/odroid/catkin_ws/build_isolated/cartographer_rviz/CMakeFiles/CMakeTmp'
Makefile:126: recipe for target 'cmTC_4bef8/fast' failed
make: *** [cmTC_4bef8/fast] Error 2

File /home/odroid/catkin_ws/build_isolated/cartographer_rviz/CMakeFiles/CMakeTmp/CheckSymbolExists.c:
/* */
#include <pthread.h>

int main(int argc, char** argv)
{
  (void)argv;
#ifndef pthread_create
  return ((int*)(&pthread_create))[argc];
#else
  (void)argc;
  return 0;
#endif
}

Determining if the function pthread_create exists in the pthreads failed with the following output:
Change Dir: /home/odroid/catkin_ws/build_isolated/cartographer_rviz/CMakeFiles/CMakeTmp

Run Build Command:"/usr/bin/make" "cmTC_a850f/fast"
/usr/bin/make -f CMakeFiles/cmTC_a850f.dir/build.make CMakeFiles/cmTC_a850f.dir/build
make[1]: Entering directory '/home/odroid/catkin_ws/build_isolated/cartographer_rviz/CMakeFiles/CMakeTmp'
Building C object CMakeFiles/cmTC_a850f.dir/CheckFunctionExists.c.o
/usr/bin/cc    -DCHECK_FUNCTION_EXISTS=pthread_create   -o CMakeFiles/cmTC_a850f.dir/CheckFunctionExists.c.o   -c /usr/share/cmake-3.5/Modules/CheckFunctionExists.c
Linking C executable cmTC_a850f
/usr/bin/cmake -E cmake_link_script CMakeFiles/cmTC_a850f.dir/link.txt --verbose=1
/usr/bin/cc   -DCHECK_FUNCTION_EXISTS=pthread_create    CMakeFiles/cmTC_a850f.dir/CheckFunctionExists.c.o  -o cmTC_a850f -rdynamic -lpthreads 
/usr/bin/ld: 找不到 -lpthreads
collect2: error: ld returned 1 exit status
CMakeFiles/cmTC_a850f.dir/build.make:97: recipe for target 'cmTC_a850f' failed
make[1]: *** [cmTC_a850f] Error 1
make[1]: Leaving directory '/home/odroid/catkin_ws/build_isolated/cartographer_rviz/CMakeFiles/CMakeTmp'
Makefile:126: recipe for target 'cmTC_a850f/fast' failed
make: *** [cmTC_a850f/fast] Error 2


