Determining if the pthread_create exist failed with the following output:
Change Dir: /home/gse5/catkin_ws/build/CMakeFiles/CMakeTmp

Run Build Command:"/usr/bin/gmake" "cmTC_5301f/fast"
/usr/bin/gmake -f CMakeFiles/cmTC_5301f.dir/build.make CMakeFiles/cmTC_5301f.dir/build
gmake[1] : on entre dans le répertoire « /home/gse5/catkin_ws/build/CMakeFiles/CMakeTmp »
Building C object CMakeFiles/cmTC_5301f.dir/CheckSymbolExists.c.o
/usr/bin/cc    -o CMakeFiles/cmTC_5301f.dir/CheckSymbolExists.c.o   -c /home/gse5/catkin_ws/build/CMakeFiles/CMakeTmp/CheckSymbolExists.c
Linking C executable cmTC_5301f
/usr/bin/cmake -E cmake_link_script CMakeFiles/cmTC_5301f.dir/link.txt --verbose=1
/usr/bin/cc      -rdynamic CMakeFiles/cmTC_5301f.dir/CheckSymbolExists.c.o  -o cmTC_5301f 
CMakeFiles/cmTC_5301f.dir/CheckSymbolExists.c.o : Dans la fonction « main » :
CheckSymbolExists.c:(.text+0x1b) : référence indéfinie vers « pthread_create »
collect2: error: ld returned 1 exit status
CMakeFiles/cmTC_5301f.dir/build.make:97: recipe for target 'cmTC_5301f' failed
gmake[1]: *** [cmTC_5301f] Error 1
gmake[1] : on quitte le répertoire « /home/gse5/catkin_ws/build/CMakeFiles/CMakeTmp »
Makefile:126: recipe for target 'cmTC_5301f/fast' failed
gmake: *** [cmTC_5301f/fast] Error 2

File /home/gse5/catkin_ws/build/CMakeFiles/CMakeTmp/CheckSymbolExists.c:
/* */
#include <pthread.h>

int main(int argc, char** argv)
{
  (void)argv;
#ifndef pthread_create
  return ((int*)(&pthread_create))[argc];
#else
  (void)argc;
  return 0;
#endif
}

Determining if the function pthread_create exists in the pthreads failed with the following output:
Change Dir: /home/gse5/catkin_ws/build/CMakeFiles/CMakeTmp

Run Build Command:"/usr/bin/gmake" "cmTC_c2eeb/fast"
/usr/bin/gmake -f CMakeFiles/cmTC_c2eeb.dir/build.make CMakeFiles/cmTC_c2eeb.dir/build
gmake[1] : on entre dans le répertoire « /home/gse5/catkin_ws/build/CMakeFiles/CMakeTmp »
Building C object CMakeFiles/cmTC_c2eeb.dir/CheckFunctionExists.c.o
/usr/bin/cc   -DCHECK_FUNCTION_EXISTS=pthread_create   -o CMakeFiles/cmTC_c2eeb.dir/CheckFunctionExists.c.o   -c /usr/share/cmake-3.10/Modules/CheckFunctionExists.c
Linking C executable cmTC_c2eeb
/usr/bin/cmake -E cmake_link_script CMakeFiles/cmTC_c2eeb.dir/link.txt --verbose=1
/usr/bin/cc  -DCHECK_FUNCTION_EXISTS=pthread_create    -rdynamic CMakeFiles/cmTC_c2eeb.dir/CheckFunctionExists.c.o  -o cmTC_c2eeb -lpthreads 
/usr/bin/ld : ne peut trouver -lpthreads
collect2: error: ld returned 1 exit status
CMakeFiles/cmTC_c2eeb.dir/build.make:97: recipe for target 'cmTC_c2eeb' failed
gmake[1]: *** [cmTC_c2eeb] Error 1
gmake[1] : on quitte le répertoire « /home/gse5/catkin_ws/build/CMakeFiles/CMakeTmp »
Makefile:126: recipe for target 'cmTC_c2eeb/fast' failed
gmake: *** [cmTC_c2eeb/fast] Error 2


