Determining if the pthread_create exist failed with the following output:
Change Dir: /home/gse5/catkin_ws/build_isolated/kobuki_bumper2pc/CMakeFiles/CMakeTmp

Run Build Command:"/usr/bin/gmake" "cmTC_9d82f/fast"
/usr/bin/gmake -f CMakeFiles/cmTC_9d82f.dir/build.make CMakeFiles/cmTC_9d82f.dir/build
gmake[1] : on entre dans le répertoire « /home/gse5/catkin_ws/build_isolated/kobuki_bumper2pc/CMakeFiles/CMakeTmp »
Building C object CMakeFiles/cmTC_9d82f.dir/CheckSymbolExists.c.o
/usr/bin/cc    -o CMakeFiles/cmTC_9d82f.dir/CheckSymbolExists.c.o   -c /home/gse5/catkin_ws/build_isolated/kobuki_bumper2pc/CMakeFiles/CMakeTmp/CheckSymbolExists.c
Linking C executable cmTC_9d82f
/usr/bin/cmake -E cmake_link_script CMakeFiles/cmTC_9d82f.dir/link.txt --verbose=1
/usr/bin/cc      -rdynamic CMakeFiles/cmTC_9d82f.dir/CheckSymbolExists.c.o  -o cmTC_9d82f 
CMakeFiles/cmTC_9d82f.dir/CheckSymbolExists.c.o : Dans la fonction « main » :
CheckSymbolExists.c:(.text+0x1b) : référence indéfinie vers « pthread_create »
collect2: error: ld returned 1 exit status
CMakeFiles/cmTC_9d82f.dir/build.make:97: recipe for target 'cmTC_9d82f' failed
gmake[1]: *** [cmTC_9d82f] Error 1
gmake[1] : on quitte le répertoire « /home/gse5/catkin_ws/build_isolated/kobuki_bumper2pc/CMakeFiles/CMakeTmp »
Makefile:126: recipe for target 'cmTC_9d82f/fast' failed
gmake: *** [cmTC_9d82f/fast] Error 2

File /home/gse5/catkin_ws/build_isolated/kobuki_bumper2pc/CMakeFiles/CMakeTmp/CheckSymbolExists.c:
/* */
#include <pthread.h>

int main(int argc, char** argv)
{
  (void)argv;
#ifndef pthread_create
  return ((int*)(&pthread_create))[argc];
#else
  (void)argc;
  return 0;
#endif
}

Determining if the function pthread_create exists in the pthreads failed with the following output:
Change Dir: /home/gse5/catkin_ws/build_isolated/kobuki_bumper2pc/CMakeFiles/CMakeTmp

Run Build Command:"/usr/bin/gmake" "cmTC_bc3bf/fast"
/usr/bin/gmake -f CMakeFiles/cmTC_bc3bf.dir/build.make CMakeFiles/cmTC_bc3bf.dir/build
gmake[1] : on entre dans le répertoire « /home/gse5/catkin_ws/build_isolated/kobuki_bumper2pc/CMakeFiles/CMakeTmp »
Building C object CMakeFiles/cmTC_bc3bf.dir/CheckFunctionExists.c.o
/usr/bin/cc   -DCHECK_FUNCTION_EXISTS=pthread_create   -o CMakeFiles/cmTC_bc3bf.dir/CheckFunctionExists.c.o   -c /usr/share/cmake-3.10/Modules/CheckFunctionExists.c
Linking C executable cmTC_bc3bf
/usr/bin/cmake -E cmake_link_script CMakeFiles/cmTC_bc3bf.dir/link.txt --verbose=1
/usr/bin/cc  -DCHECK_FUNCTION_EXISTS=pthread_create    -rdynamic CMakeFiles/cmTC_bc3bf.dir/CheckFunctionExists.c.o  -o cmTC_bc3bf -lpthreads 
/usr/bin/ld : ne peut trouver -lpthreads
collect2: error: ld returned 1 exit status
CMakeFiles/cmTC_bc3bf.dir/build.make:97: recipe for target 'cmTC_bc3bf' failed
gmake[1]: *** [cmTC_bc3bf] Error 1
gmake[1] : on quitte le répertoire « /home/gse5/catkin_ws/build_isolated/kobuki_bumper2pc/CMakeFiles/CMakeTmp »
Makefile:126: recipe for target 'cmTC_bc3bf/fast' failed
gmake: *** [cmTC_bc3bf/fast] Error 2


