Determining if the pthread_create exist failed with the following output:
Change Dir: /home/gse5/catkin_ws/build_isolated/map_server/CMakeFiles/CMakeTmp

Run Build Command:"/usr/bin/gmake" "cmTC_15f24/fast"
/usr/bin/gmake -f CMakeFiles/cmTC_15f24.dir/build.make CMakeFiles/cmTC_15f24.dir/build
gmake[1] : on entre dans le répertoire « /home/gse5/catkin_ws/build_isolated/map_server/CMakeFiles/CMakeTmp »
Building C object CMakeFiles/cmTC_15f24.dir/CheckSymbolExists.c.o
/usr/bin/cc    -o CMakeFiles/cmTC_15f24.dir/CheckSymbolExists.c.o   -c /home/gse5/catkin_ws/build_isolated/map_server/CMakeFiles/CMakeTmp/CheckSymbolExists.c
Linking C executable cmTC_15f24
/usr/bin/cmake -E cmake_link_script CMakeFiles/cmTC_15f24.dir/link.txt --verbose=1
/usr/bin/cc      -rdynamic CMakeFiles/cmTC_15f24.dir/CheckSymbolExists.c.o  -o cmTC_15f24 
CMakeFiles/cmTC_15f24.dir/CheckSymbolExists.c.o : Dans la fonction « main » :
CheckSymbolExists.c:(.text+0x1b) : référence indéfinie vers « pthread_create »
collect2: error: ld returned 1 exit status
CMakeFiles/cmTC_15f24.dir/build.make:97: recipe for target 'cmTC_15f24' failed
gmake[1]: *** [cmTC_15f24] Error 1
gmake[1] : on quitte le répertoire « /home/gse5/catkin_ws/build_isolated/map_server/CMakeFiles/CMakeTmp »
Makefile:126: recipe for target 'cmTC_15f24/fast' failed
gmake: *** [cmTC_15f24/fast] Error 2

File /home/gse5/catkin_ws/build_isolated/map_server/CMakeFiles/CMakeTmp/CheckSymbolExists.c:
/* */
#include <pthread.h>

int main(int argc, char** argv)
{
  (void)argv;
#ifndef pthread_create
  return ((int*)(&pthread_create))[argc];
#else
  (void)argc;
  return 0;
#endif
}

Determining if the function pthread_create exists in the pthreads failed with the following output:
Change Dir: /home/gse5/catkin_ws/build_isolated/map_server/CMakeFiles/CMakeTmp

Run Build Command:"/usr/bin/gmake" "cmTC_48317/fast"
/usr/bin/gmake -f CMakeFiles/cmTC_48317.dir/build.make CMakeFiles/cmTC_48317.dir/build
gmake[1] : on entre dans le répertoire « /home/gse5/catkin_ws/build_isolated/map_server/CMakeFiles/CMakeTmp »
Building C object CMakeFiles/cmTC_48317.dir/CheckFunctionExists.c.o
/usr/bin/cc   -DCHECK_FUNCTION_EXISTS=pthread_create   -o CMakeFiles/cmTC_48317.dir/CheckFunctionExists.c.o   -c /usr/share/cmake-3.10/Modules/CheckFunctionExists.c
Linking C executable cmTC_48317
/usr/bin/cmake -E cmake_link_script CMakeFiles/cmTC_48317.dir/link.txt --verbose=1
/usr/bin/cc  -DCHECK_FUNCTION_EXISTS=pthread_create    -rdynamic CMakeFiles/cmTC_48317.dir/CheckFunctionExists.c.o  -o cmTC_48317 -lpthreads 
/usr/bin/ld : ne peut trouver -lpthreads
collect2: error: ld returned 1 exit status
CMakeFiles/cmTC_48317.dir/build.make:97: recipe for target 'cmTC_48317' failed
gmake[1]: *** [cmTC_48317] Error 1
gmake[1] : on quitte le répertoire « /home/gse5/catkin_ws/build_isolated/map_server/CMakeFiles/CMakeTmp »
Makefile:126: recipe for target 'cmTC_48317/fast' failed
gmake: *** [cmTC_48317/fast] Error 2


