Determining if the pthread_create exist failed with the following output:
Change Dir: /home/gse5/catkin_ws/cartographer_ws/build_isolated/cartographer_ros_msgs/CMakeFiles/CMakeTmp

Run Build Command:"/usr/bin/ninja" "cmTC_e30ac"
[1/2] Building C object CMakeFiles/cmTC_e30ac.dir/CheckSymbolExists.c.o
[2/2] Linking C executable cmTC_e30ac
FAILED: cmTC_e30ac 
: && /usr/bin/cc   -rdynamic CMakeFiles/cmTC_e30ac.dir/CheckSymbolExists.c.o  -o cmTC_e30ac   && :
CMakeFiles/cmTC_e30ac.dir/CheckSymbolExists.c.o : Dans la fonction « main » :
CheckSymbolExists.c:(.text+0x1b) : référence indéfinie vers « pthread_create »
collect2: error: ld returned 1 exit status
ninja: build stopped: subcommand failed.

File /home/gse5/catkin_ws/cartographer_ws/build_isolated/cartographer_ros_msgs/CMakeFiles/CMakeTmp/CheckSymbolExists.c:
/* */
#include <pthread.h>

int main(int argc, char** argv)
{
  (void)argv;
#ifndef pthread_create
  return ((int*)(&pthread_create))[argc];
#else
  (void)argc;
  return 0;
#endif
}

Determining if the function pthread_create exists in the pthreads failed with the following output:
Change Dir: /home/gse5/catkin_ws/cartographer_ws/build_isolated/cartographer_ros_msgs/CMakeFiles/CMakeTmp

Run Build Command:"/usr/bin/ninja" "cmTC_0012e"
[1/2] Building C object CMakeFiles/cmTC_0012e.dir/CheckFunctionExists.c.o
[2/2] Linking C executable cmTC_0012e
FAILED: cmTC_0012e 
: && /usr/bin/cc -DCHECK_FUNCTION_EXISTS=pthread_create  -rdynamic CMakeFiles/cmTC_0012e.dir/CheckFunctionExists.c.o  -o cmTC_0012e  -lpthreads && :
/usr/bin/ld : ne peut trouver -lpthreads
collect2: error: ld returned 1 exit status
ninja: build stopped: subcommand failed.


