Determining if the pthread_create exist failed with the following output:
Change Dir: /home/gse5/catkin_ws/build_isolated/hector_geotiff/CMakeFiles/CMakeTmp

Run Build Command:"/usr/bin/gmake" "cmTC_89faa/fast"
/usr/bin/gmake -f CMakeFiles/cmTC_89faa.dir/build.make CMakeFiles/cmTC_89faa.dir/build
gmake[1] : on entre dans le répertoire « /home/gse5/catkin_ws/build_isolated/hector_geotiff/CMakeFiles/CMakeTmp »
Building C object CMakeFiles/cmTC_89faa.dir/CheckSymbolExists.c.o
/usr/bin/cc    -o CMakeFiles/cmTC_89faa.dir/CheckSymbolExists.c.o   -c /home/gse5/catkin_ws/build_isolated/hector_geotiff/CMakeFiles/CMakeTmp/CheckSymbolExists.c
Linking C executable cmTC_89faa
/usr/bin/cmake -E cmake_link_script CMakeFiles/cmTC_89faa.dir/link.txt --verbose=1
/usr/bin/cc      -rdynamic CMakeFiles/cmTC_89faa.dir/CheckSymbolExists.c.o  -o cmTC_89faa 
CMakeFiles/cmTC_89faa.dir/CheckSymbolExists.c.o : Dans la fonction « main » :
CheckSymbolExists.c:(.text+0x1b) : référence indéfinie vers « pthread_create »
collect2: error: ld returned 1 exit status
CMakeFiles/cmTC_89faa.dir/build.make:97: recipe for target 'cmTC_89faa' failed
gmake[1]: *** [cmTC_89faa] Error 1
gmake[1] : on quitte le répertoire « /home/gse5/catkin_ws/build_isolated/hector_geotiff/CMakeFiles/CMakeTmp »
Makefile:126: recipe for target 'cmTC_89faa/fast' failed
gmake: *** [cmTC_89faa/fast] Error 2

File /home/gse5/catkin_ws/build_isolated/hector_geotiff/CMakeFiles/CMakeTmp/CheckSymbolExists.c:
/* */
#include <pthread.h>

int main(int argc, char** argv)
{
  (void)argv;
#ifndef pthread_create
  return ((int*)(&pthread_create))[argc];
#else
  (void)argc;
  return 0;
#endif
}

Determining if the function pthread_create exists in the pthreads failed with the following output:
Change Dir: /home/gse5/catkin_ws/build_isolated/hector_geotiff/CMakeFiles/CMakeTmp

Run Build Command:"/usr/bin/gmake" "cmTC_3989c/fast"
/usr/bin/gmake -f CMakeFiles/cmTC_3989c.dir/build.make CMakeFiles/cmTC_3989c.dir/build
gmake[1] : on entre dans le répertoire « /home/gse5/catkin_ws/build_isolated/hector_geotiff/CMakeFiles/CMakeTmp »
Building C object CMakeFiles/cmTC_3989c.dir/CheckFunctionExists.c.o
/usr/bin/cc   -DCHECK_FUNCTION_EXISTS=pthread_create   -o CMakeFiles/cmTC_3989c.dir/CheckFunctionExists.c.o   -c /usr/share/cmake-3.10/Modules/CheckFunctionExists.c
Linking C executable cmTC_3989c
/usr/bin/cmake -E cmake_link_script CMakeFiles/cmTC_3989c.dir/link.txt --verbose=1
/usr/bin/cc  -DCHECK_FUNCTION_EXISTS=pthread_create    -rdynamic CMakeFiles/cmTC_3989c.dir/CheckFunctionExists.c.o  -o cmTC_3989c -lpthreads 
/usr/bin/ld : ne peut trouver -lpthreads
collect2: error: ld returned 1 exit status
CMakeFiles/cmTC_3989c.dir/build.make:97: recipe for target 'cmTC_3989c' failed
gmake[1]: *** [cmTC_3989c] Error 1
gmake[1] : on quitte le répertoire « /home/gse5/catkin_ws/build_isolated/hector_geotiff/CMakeFiles/CMakeTmp »
Makefile:126: recipe for target 'cmTC_3989c/fast' failed
gmake: *** [cmTC_3989c/fast] Error 2


Determining if the Q_WS_WIN exist failed with the following output:
Change Dir: /home/gse5/catkin_ws/build_isolated/hector_geotiff/CMakeFiles/CMakeTmp

Run Build Command:"/usr/bin/gmake" "cmTC_aca44/fast"
/usr/bin/gmake -f CMakeFiles/cmTC_aca44.dir/build.make CMakeFiles/cmTC_aca44.dir/build
gmake[1] : on entre dans le répertoire « /home/gse5/catkin_ws/build_isolated/hector_geotiff/CMakeFiles/CMakeTmp »
Building CXX object CMakeFiles/cmTC_aca44.dir/CheckSymbolExists.cxx.o
/usr/bin/c++   -I/usr/include/qt4   -o CMakeFiles/cmTC_aca44.dir/CheckSymbolExists.cxx.o -c /home/gse5/catkin_ws/build_isolated/hector_geotiff/CMakeFiles/CMakeTmp/CheckSymbolExists.cxx
/home/gse5/catkin_ws/build_isolated/hector_geotiff/CMakeFiles/CMakeTmp/CheckSymbolExists.cxx: In function ‘int main(int, char**)’:
/home/gse5/catkin_ws/build_isolated/hector_geotiff/CMakeFiles/CMakeTmp/CheckSymbolExists.cxx:8:19: error: ‘Q_WS_WIN’ was not declared in this scope
   return ((int*)(&Q_WS_WIN))[argc];
                   ^~~~~~~~
/home/gse5/catkin_ws/build_isolated/hector_geotiff/CMakeFiles/CMakeTmp/CheckSymbolExists.cxx:8:19: note: suggested alternative: ‘Q_WS_X11’
   return ((int*)(&Q_WS_WIN))[argc];
                   ^~~~~~~~
                   Q_WS_X11
CMakeFiles/cmTC_aca44.dir/build.make:65: recipe for target 'CMakeFiles/cmTC_aca44.dir/CheckSymbolExists.cxx.o' failed
gmake[1]: *** [CMakeFiles/cmTC_aca44.dir/CheckSymbolExists.cxx.o] Error 1
gmake[1] : on quitte le répertoire « /home/gse5/catkin_ws/build_isolated/hector_geotiff/CMakeFiles/CMakeTmp »
Makefile:126: recipe for target 'cmTC_aca44/fast' failed
gmake: *** [cmTC_aca44/fast] Error 2

File /home/gse5/catkin_ws/build_isolated/hector_geotiff/CMakeFiles/CMakeTmp/CheckSymbolExists.cxx:
/* */
#include <QtCore/qglobal.h>

int main(int argc, char** argv)
{
  (void)argv;
#ifndef Q_WS_WIN
  return ((int*)(&Q_WS_WIN))[argc];
#else
  (void)argc;
  return 0;
#endif
}

Determining if the Q_WS_QWS exist failed with the following output:
Change Dir: /home/gse5/catkin_ws/build_isolated/hector_geotiff/CMakeFiles/CMakeTmp

Run Build Command:"/usr/bin/gmake" "cmTC_1ef6b/fast"
/usr/bin/gmake -f CMakeFiles/cmTC_1ef6b.dir/build.make CMakeFiles/cmTC_1ef6b.dir/build
gmake[1] : on entre dans le répertoire « /home/gse5/catkin_ws/build_isolated/hector_geotiff/CMakeFiles/CMakeTmp »
Building CXX object CMakeFiles/cmTC_1ef6b.dir/CheckSymbolExists.cxx.o
/usr/bin/c++   -I/usr/include/qt4   -o CMakeFiles/cmTC_1ef6b.dir/CheckSymbolExists.cxx.o -c /home/gse5/catkin_ws/build_isolated/hector_geotiff/CMakeFiles/CMakeTmp/CheckSymbolExists.cxx
/home/gse5/catkin_ws/build_isolated/hector_geotiff/CMakeFiles/CMakeTmp/CheckSymbolExists.cxx: In function ‘int main(int, char**)’:
/home/gse5/catkin_ws/build_isolated/hector_geotiff/CMakeFiles/CMakeTmp/CheckSymbolExists.cxx:8:19: error: ‘Q_WS_QWS’ was not declared in this scope
   return ((int*)(&Q_WS_QWS))[argc];
                   ^~~~~~~~
/home/gse5/catkin_ws/build_isolated/hector_geotiff/CMakeFiles/CMakeTmp/CheckSymbolExists.cxx:8:19: note: suggested alternative: ‘Q_WS_X11’
   return ((int*)(&Q_WS_QWS))[argc];
                   ^~~~~~~~
                   Q_WS_X11
CMakeFiles/cmTC_1ef6b.dir/build.make:65: recipe for target 'CMakeFiles/cmTC_1ef6b.dir/CheckSymbolExists.cxx.o' failed
gmake[1]: *** [CMakeFiles/cmTC_1ef6b.dir/CheckSymbolExists.cxx.o] Error 1
gmake[1] : on quitte le répertoire « /home/gse5/catkin_ws/build_isolated/hector_geotiff/CMakeFiles/CMakeTmp »
Makefile:126: recipe for target 'cmTC_1ef6b/fast' failed
gmake: *** [cmTC_1ef6b/fast] Error 2

File /home/gse5/catkin_ws/build_isolated/hector_geotiff/CMakeFiles/CMakeTmp/CheckSymbolExists.cxx:
/* */
#include <QtCore/qglobal.h>

int main(int argc, char** argv)
{
  (void)argv;
#ifndef Q_WS_QWS
  return ((int*)(&Q_WS_QWS))[argc];
#else
  (void)argc;
  return 0;
#endif
}

Determining if the Q_WS_MAC exist failed with the following output:
Change Dir: /home/gse5/catkin_ws/build_isolated/hector_geotiff/CMakeFiles/CMakeTmp

Run Build Command:"/usr/bin/gmake" "cmTC_51a45/fast"
/usr/bin/gmake -f CMakeFiles/cmTC_51a45.dir/build.make CMakeFiles/cmTC_51a45.dir/build
gmake[1] : on entre dans le répertoire « /home/gse5/catkin_ws/build_isolated/hector_geotiff/CMakeFiles/CMakeTmp »
Building CXX object CMakeFiles/cmTC_51a45.dir/CheckSymbolExists.cxx.o
/usr/bin/c++   -I/usr/include/qt4   -o CMakeFiles/cmTC_51a45.dir/CheckSymbolExists.cxx.o -c /home/gse5/catkin_ws/build_isolated/hector_geotiff/CMakeFiles/CMakeTmp/CheckSymbolExists.cxx
/home/gse5/catkin_ws/build_isolated/hector_geotiff/CMakeFiles/CMakeTmp/CheckSymbolExists.cxx: In function ‘int main(int, char**)’:
/home/gse5/catkin_ws/build_isolated/hector_geotiff/CMakeFiles/CMakeTmp/CheckSymbolExists.cxx:8:19: error: ‘Q_WS_MAC’ was not declared in this scope
   return ((int*)(&Q_WS_MAC))[argc];
                   ^~~~~~~~
/home/gse5/catkin_ws/build_isolated/hector_geotiff/CMakeFiles/CMakeTmp/CheckSymbolExists.cxx:8:19: note: suggested alternative: ‘Q_WS_X11’
   return ((int*)(&Q_WS_MAC))[argc];
                   ^~~~~~~~
                   Q_WS_X11
CMakeFiles/cmTC_51a45.dir/build.make:65: recipe for target 'CMakeFiles/cmTC_51a45.dir/CheckSymbolExists.cxx.o' failed
gmake[1]: *** [CMakeFiles/cmTC_51a45.dir/CheckSymbolExists.cxx.o] Error 1
gmake[1] : on quitte le répertoire « /home/gse5/catkin_ws/build_isolated/hector_geotiff/CMakeFiles/CMakeTmp »
Makefile:126: recipe for target 'cmTC_51a45/fast' failed
gmake: *** [cmTC_51a45/fast] Error 2

File /home/gse5/catkin_ws/build_isolated/hector_geotiff/CMakeFiles/CMakeTmp/CheckSymbolExists.cxx:
/* */
#include <QtCore/qglobal.h>

int main(int argc, char** argv)
{
  (void)argv;
#ifndef Q_WS_MAC
  return ((int*)(&Q_WS_MAC))[argc];
#else
  (void)argc;
  return 0;
#endif
}

