Determining if the pthread_create exist failed with the following output:
Change Dir: /home/gse5/catkin_ws/build_isolated/kobuki_msgs/CMakeFiles/CMakeTmp

Run Build Command:"/usr/bin/gmake" "cmTC_a3dc3/fast"
/usr/bin/gmake -f CMakeFiles/cmTC_a3dc3.dir/build.make CMakeFiles/cmTC_a3dc3.dir/build
gmake[1] : on entre dans le répertoire « /home/gse5/catkin_ws/build_isolated/kobuki_msgs/CMakeFiles/CMakeTmp »
Building C object CMakeFiles/cmTC_a3dc3.dir/CheckSymbolExists.c.o
/usr/bin/cc    -o CMakeFiles/cmTC_a3dc3.dir/CheckSymbolExists.c.o   -c /home/gse5/catkin_ws/build_isolated/kobuki_msgs/CMakeFiles/CMakeTmp/CheckSymbolExists.c
Linking C executable cmTC_a3dc3
/usr/bin/cmake -E cmake_link_script CMakeFiles/cmTC_a3dc3.dir/link.txt --verbose=1
/usr/bin/cc      -rdynamic CMakeFiles/cmTC_a3dc3.dir/CheckSymbolExists.c.o  -o cmTC_a3dc3 
CMakeFiles/cmTC_a3dc3.dir/CheckSymbolExists.c.o : Dans la fonction « main » :
CheckSymbolExists.c:(.text+0x1b) : référence indéfinie vers « pthread_create »
collect2: error: ld returned 1 exit status
CMakeFiles/cmTC_a3dc3.dir/build.make:97: recipe for target 'cmTC_a3dc3' failed
gmake[1]: *** [cmTC_a3dc3] Error 1
gmake[1] : on quitte le répertoire « /home/gse5/catkin_ws/build_isolated/kobuki_msgs/CMakeFiles/CMakeTmp »
Makefile:126: recipe for target 'cmTC_a3dc3/fast' failed
gmake: *** [cmTC_a3dc3/fast] Error 2

File /home/gse5/catkin_ws/build_isolated/kobuki_msgs/CMakeFiles/CMakeTmp/CheckSymbolExists.c:
/* */
#include <pthread.h>

int main(int argc, char** argv)
{
  (void)argv;
#ifndef pthread_create
  return ((int*)(&pthread_create))[argc];
#else
  (void)argc;
  return 0;
#endif
}

Determining if the function pthread_create exists in the pthreads failed with the following output:
Change Dir: /home/gse5/catkin_ws/build_isolated/kobuki_msgs/CMakeFiles/CMakeTmp

Run Build Command:"/usr/bin/gmake" "cmTC_5ef01/fast"
/usr/bin/gmake -f CMakeFiles/cmTC_5ef01.dir/build.make CMakeFiles/cmTC_5ef01.dir/build
gmake[1] : on entre dans le répertoire « /home/gse5/catkin_ws/build_isolated/kobuki_msgs/CMakeFiles/CMakeTmp »
Building C object CMakeFiles/cmTC_5ef01.dir/CheckFunctionExists.c.o
/usr/bin/cc   -DCHECK_FUNCTION_EXISTS=pthread_create   -o CMakeFiles/cmTC_5ef01.dir/CheckFunctionExists.c.o   -c /usr/share/cmake-3.10/Modules/CheckFunctionExists.c
Linking C executable cmTC_5ef01
/usr/bin/cmake -E cmake_link_script CMakeFiles/cmTC_5ef01.dir/link.txt --verbose=1
/usr/bin/cc  -DCHECK_FUNCTION_EXISTS=pthread_create    -rdynamic CMakeFiles/cmTC_5ef01.dir/CheckFunctionExists.c.o  -o cmTC_5ef01 -lpthreads 
/usr/bin/ld : ne peut trouver -lpthreads
collect2: error: ld returned 1 exit status
CMakeFiles/cmTC_5ef01.dir/build.make:97: recipe for target 'cmTC_5ef01' failed
gmake[1]: *** [cmTC_5ef01] Error 1
gmake[1] : on quitte le répertoire « /home/gse5/catkin_ws/build_isolated/kobuki_msgs/CMakeFiles/CMakeTmp »
Makefile:126: recipe for target 'cmTC_5ef01/fast' failed
gmake: *** [cmTC_5ef01/fast] Error 2


