Determining if the pthread_create exist failed with the following output:
Change Dir: /home/gse5/catkin_ws/build_isolated/turtlebot_calibration/CMakeFiles/CMakeTmp

Run Build Command:"/usr/bin/gmake" "cmTC_c63c8/fast"
/usr/bin/gmake -f CMakeFiles/cmTC_c63c8.dir/build.make CMakeFiles/cmTC_c63c8.dir/build
gmake[1] : on entre dans le répertoire « /home/gse5/catkin_ws/build_isolated/turtlebot_calibration/CMakeFiles/CMakeTmp »
Building C object CMakeFiles/cmTC_c63c8.dir/CheckSymbolExists.c.o
/usr/bin/cc    -o CMakeFiles/cmTC_c63c8.dir/CheckSymbolExists.c.o   -c /home/gse5/catkin_ws/build_isolated/turtlebot_calibration/CMakeFiles/CMakeTmp/CheckSymbolExists.c
Linking C executable cmTC_c63c8
/usr/bin/cmake -E cmake_link_script CMakeFiles/cmTC_c63c8.dir/link.txt --verbose=1
/usr/bin/cc      -rdynamic CMakeFiles/cmTC_c63c8.dir/CheckSymbolExists.c.o  -o cmTC_c63c8 
CMakeFiles/cmTC_c63c8.dir/CheckSymbolExists.c.o : Dans la fonction « main » :
CheckSymbolExists.c:(.text+0x1b) : référence indéfinie vers « pthread_create »
collect2: error: ld returned 1 exit status
CMakeFiles/cmTC_c63c8.dir/build.make:97: recipe for target 'cmTC_c63c8' failed
gmake[1]: *** [cmTC_c63c8] Error 1
gmake[1] : on quitte le répertoire « /home/gse5/catkin_ws/build_isolated/turtlebot_calibration/CMakeFiles/CMakeTmp »
Makefile:126: recipe for target 'cmTC_c63c8/fast' failed
gmake: *** [cmTC_c63c8/fast] Error 2

File /home/gse5/catkin_ws/build_isolated/turtlebot_calibration/CMakeFiles/CMakeTmp/CheckSymbolExists.c:
/* */
#include <pthread.h>

int main(int argc, char** argv)
{
  (void)argv;
#ifndef pthread_create
  return ((int*)(&pthread_create))[argc];
#else
  (void)argc;
  return 0;
#endif
}

Determining if the function pthread_create exists in the pthreads failed with the following output:
Change Dir: /home/gse5/catkin_ws/build_isolated/turtlebot_calibration/CMakeFiles/CMakeTmp

Run Build Command:"/usr/bin/gmake" "cmTC_63dfa/fast"
/usr/bin/gmake -f CMakeFiles/cmTC_63dfa.dir/build.make CMakeFiles/cmTC_63dfa.dir/build
gmake[1] : on entre dans le répertoire « /home/gse5/catkin_ws/build_isolated/turtlebot_calibration/CMakeFiles/CMakeTmp »
Building C object CMakeFiles/cmTC_63dfa.dir/CheckFunctionExists.c.o
/usr/bin/cc   -DCHECK_FUNCTION_EXISTS=pthread_create   -o CMakeFiles/cmTC_63dfa.dir/CheckFunctionExists.c.o   -c /usr/share/cmake-3.10/Modules/CheckFunctionExists.c
Linking C executable cmTC_63dfa
/usr/bin/cmake -E cmake_link_script CMakeFiles/cmTC_63dfa.dir/link.txt --verbose=1
/usr/bin/cc  -DCHECK_FUNCTION_EXISTS=pthread_create    -rdynamic CMakeFiles/cmTC_63dfa.dir/CheckFunctionExists.c.o  -o cmTC_63dfa -lpthreads 
/usr/bin/ld : ne peut trouver -lpthreads
collect2: error: ld returned 1 exit status
CMakeFiles/cmTC_63dfa.dir/build.make:97: recipe for target 'cmTC_63dfa' failed
gmake[1]: *** [cmTC_63dfa] Error 1
gmake[1] : on quitte le répertoire « /home/gse5/catkin_ws/build_isolated/turtlebot_calibration/CMakeFiles/CMakeTmp »
Makefile:126: recipe for target 'cmTC_63dfa/fast' failed
gmake: *** [cmTC_63dfa/fast] Error 2


