Determining if the pthread_create exist failed with the following output:
Change Dir: /home/gse5/catkin_ws/build_isolated/hector_compressed_map_transport/CMakeFiles/CMakeTmp

Run Build Command:"/usr/bin/gmake" "cmTC_7926b/fast"
/usr/bin/gmake -f CMakeFiles/cmTC_7926b.dir/build.make CMakeFiles/cmTC_7926b.dir/build
gmake[1] : on entre dans le répertoire « /home/gse5/catkin_ws/build_isolated/hector_compressed_map_transport/CMakeFiles/CMakeTmp »
Building C object CMakeFiles/cmTC_7926b.dir/CheckSymbolExists.c.o
/usr/bin/cc    -o CMakeFiles/cmTC_7926b.dir/CheckSymbolExists.c.o   -c /home/gse5/catkin_ws/build_isolated/hector_compressed_map_transport/CMakeFiles/CMakeTmp/CheckSymbolExists.c
Linking C executable cmTC_7926b
/usr/bin/cmake -E cmake_link_script CMakeFiles/cmTC_7926b.dir/link.txt --verbose=1
/usr/bin/cc      -rdynamic CMakeFiles/cmTC_7926b.dir/CheckSymbolExists.c.o  -o cmTC_7926b 
CMakeFiles/cmTC_7926b.dir/CheckSymbolExists.c.o : Dans la fonction « main » :
CheckSymbolExists.c:(.text+0x1b) : référence indéfinie vers « pthread_create »
collect2: error: ld returned 1 exit status
CMakeFiles/cmTC_7926b.dir/build.make:97: recipe for target 'cmTC_7926b' failed
gmake[1]: *** [cmTC_7926b] Error 1
gmake[1] : on quitte le répertoire « /home/gse5/catkin_ws/build_isolated/hector_compressed_map_transport/CMakeFiles/CMakeTmp »
Makefile:126: recipe for target 'cmTC_7926b/fast' failed
gmake: *** [cmTC_7926b/fast] Error 2

File /home/gse5/catkin_ws/build_isolated/hector_compressed_map_transport/CMakeFiles/CMakeTmp/CheckSymbolExists.c:
/* */
#include <pthread.h>

int main(int argc, char** argv)
{
  (void)argv;
#ifndef pthread_create
  return ((int*)(&pthread_create))[argc];
#else
  (void)argc;
  return 0;
#endif
}

Determining if the function pthread_create exists in the pthreads failed with the following output:
Change Dir: /home/gse5/catkin_ws/build_isolated/hector_compressed_map_transport/CMakeFiles/CMakeTmp

Run Build Command:"/usr/bin/gmake" "cmTC_78fe7/fast"
/usr/bin/gmake -f CMakeFiles/cmTC_78fe7.dir/build.make CMakeFiles/cmTC_78fe7.dir/build
gmake[1] : on entre dans le répertoire « /home/gse5/catkin_ws/build_isolated/hector_compressed_map_transport/CMakeFiles/CMakeTmp »
Building C object CMakeFiles/cmTC_78fe7.dir/CheckFunctionExists.c.o
/usr/bin/cc   -DCHECK_FUNCTION_EXISTS=pthread_create   -o CMakeFiles/cmTC_78fe7.dir/CheckFunctionExists.c.o   -c /usr/share/cmake-3.10/Modules/CheckFunctionExists.c
Linking C executable cmTC_78fe7
/usr/bin/cmake -E cmake_link_script CMakeFiles/cmTC_78fe7.dir/link.txt --verbose=1
/usr/bin/cc  -DCHECK_FUNCTION_EXISTS=pthread_create    -rdynamic CMakeFiles/cmTC_78fe7.dir/CheckFunctionExists.c.o  -o cmTC_78fe7 -lpthreads 
/usr/bin/ld : ne peut trouver -lpthreads
collect2: error: ld returned 1 exit status
CMakeFiles/cmTC_78fe7.dir/build.make:97: recipe for target 'cmTC_78fe7' failed
gmake[1]: *** [cmTC_78fe7] Error 1
gmake[1] : on quitte le répertoire « /home/gse5/catkin_ws/build_isolated/hector_compressed_map_transport/CMakeFiles/CMakeTmp »
Makefile:126: recipe for target 'cmTC_78fe7/fast' failed
gmake: *** [cmTC_78fe7/fast] Error 2


