Determining if the pthread_create exist failed with the following output:
Change Dir: /home/gse5/catkin_ws/build_isolated/robot_pose_ekf/CMakeFiles/CMakeTmp

Run Build Command:"/usr/bin/gmake" "cmTC_65626/fast"
/usr/bin/gmake -f CMakeFiles/cmTC_65626.dir/build.make CMakeFiles/cmTC_65626.dir/build
gmake[1] : on entre dans le répertoire « /home/gse5/catkin_ws/build_isolated/robot_pose_ekf/CMakeFiles/CMakeTmp »
Building C object CMakeFiles/cmTC_65626.dir/CheckSymbolExists.c.o
/usr/bin/cc    -o CMakeFiles/cmTC_65626.dir/CheckSymbolExists.c.o   -c /home/gse5/catkin_ws/build_isolated/robot_pose_ekf/CMakeFiles/CMakeTmp/CheckSymbolExists.c
Linking C executable cmTC_65626
/usr/bin/cmake -E cmake_link_script CMakeFiles/cmTC_65626.dir/link.txt --verbose=1
/usr/bin/cc      -rdynamic CMakeFiles/cmTC_65626.dir/CheckSymbolExists.c.o  -o cmTC_65626 
CMakeFiles/cmTC_65626.dir/CheckSymbolExists.c.o : Dans la fonction « main » :
CheckSymbolExists.c:(.text+0x1b) : référence indéfinie vers « pthread_create »
collect2: error: ld returned 1 exit status
CMakeFiles/cmTC_65626.dir/build.make:97: recipe for target 'cmTC_65626' failed
gmake[1]: *** [cmTC_65626] Error 1
gmake[1] : on quitte le répertoire « /home/gse5/catkin_ws/build_isolated/robot_pose_ekf/CMakeFiles/CMakeTmp »
Makefile:126: recipe for target 'cmTC_65626/fast' failed
gmake: *** [cmTC_65626/fast] Error 2

File /home/gse5/catkin_ws/build_isolated/robot_pose_ekf/CMakeFiles/CMakeTmp/CheckSymbolExists.c:
/* */
#include <pthread.h>

int main(int argc, char** argv)
{
  (void)argv;
#ifndef pthread_create
  return ((int*)(&pthread_create))[argc];
#else
  (void)argc;
  return 0;
#endif
}

Determining if the function pthread_create exists in the pthreads failed with the following output:
Change Dir: /home/gse5/catkin_ws/build_isolated/robot_pose_ekf/CMakeFiles/CMakeTmp

Run Build Command:"/usr/bin/gmake" "cmTC_84692/fast"
/usr/bin/gmake -f CMakeFiles/cmTC_84692.dir/build.make CMakeFiles/cmTC_84692.dir/build
gmake[1] : on entre dans le répertoire « /home/gse5/catkin_ws/build_isolated/robot_pose_ekf/CMakeFiles/CMakeTmp »
Building C object CMakeFiles/cmTC_84692.dir/CheckFunctionExists.c.o
/usr/bin/cc   -DCHECK_FUNCTION_EXISTS=pthread_create   -o CMakeFiles/cmTC_84692.dir/CheckFunctionExists.c.o   -c /usr/share/cmake-3.10/Modules/CheckFunctionExists.c
Linking C executable cmTC_84692
/usr/bin/cmake -E cmake_link_script CMakeFiles/cmTC_84692.dir/link.txt --verbose=1
/usr/bin/cc  -DCHECK_FUNCTION_EXISTS=pthread_create    -rdynamic CMakeFiles/cmTC_84692.dir/CheckFunctionExists.c.o  -o cmTC_84692 -lpthreads 
/usr/bin/ld : ne peut trouver -lpthreads
collect2: error: ld returned 1 exit status
CMakeFiles/cmTC_84692.dir/build.make:97: recipe for target 'cmTC_84692' failed
gmake[1]: *** [cmTC_84692] Error 1
gmake[1] : on quitte le répertoire « /home/gse5/catkin_ws/build_isolated/robot_pose_ekf/CMakeFiles/CMakeTmp »
Makefile:126: recipe for target 'cmTC_84692/fast' failed
gmake: *** [cmTC_84692/fast] Error 2


