Determining if the pthread_create exist failed with the following output:
Change Dir: /home/gse5/catkin_ws/cartographer_ws/build_isolated/cartographer/install/CMakeFiles/CMakeTmp

Run Build Command:"/usr/bin/ninja" "cmTC_fe897"
[1/2] Building C object CMakeFiles/cmTC_fe897.dir/CheckSymbolExists.c.o
[2/2] Linking C executable cmTC_fe897
FAILED: cmTC_fe897 
: && /usr/bin/cc   -rdynamic CMakeFiles/cmTC_fe897.dir/CheckSymbolExists.c.o  -o cmTC_fe897   && :
CMakeFiles/cmTC_fe897.dir/CheckSymbolExists.c.o : Dans la fonction « main » :
CheckSymbolExists.c:(.text+0x1b) : référence indéfinie vers « pthread_create »
collect2: error: ld returned 1 exit status
ninja: build stopped: subcommand failed.

File /home/gse5/catkin_ws/cartographer_ws/build_isolated/cartographer/install/CMakeFiles/CMakeTmp/CheckSymbolExists.c:
/* */
#include <pthread.h>

int main(int argc, char** argv)
{
  (void)argv;
#ifndef pthread_create
  return ((int*)(&pthread_create))[argc];
#else
  (void)argc;
  return 0;
#endif
}

Determining if the function pthread_create exists in the pthreads failed with the following output:
Change Dir: /home/gse5/catkin_ws/cartographer_ws/build_isolated/cartographer/install/CMakeFiles/CMakeTmp

Run Build Command:"/usr/bin/ninja" "cmTC_be177"
[1/2] Building C object CMakeFiles/cmTC_be177.dir/CheckFunctionExists.c.o
[2/2] Linking C executable cmTC_be177
FAILED: cmTC_be177 
: && /usr/bin/cc -DCHECK_FUNCTION_EXISTS=pthread_create  -rdynamic CMakeFiles/cmTC_be177.dir/CheckFunctionExists.c.o  -o cmTC_be177  -lpthreads && :
/usr/bin/ld : ne peut trouver -lpthreads
collect2: error: ld returned 1 exit status
ninja: build stopped: subcommand failed.


