Determining if the pthread_create exist failed with the following output:
Change Dir: /home/odroid/catkin_ws/build_isolated/cartographer/install/CMakeFiles/CMakeTmp

Run Build Command:"/usr/bin/ninja" "cmTC_c1575"
[1/2] Building C object CMakeFiles/cmTC_c1575.dir/CheckSymbolExists.c.o
[2/2] Linking C executable cmTC_c1575
FAILED: : && /usr/bin/cc     CMakeFiles/cmTC_c1575.dir/CheckSymbolExists.c.o  -o cmTC_c1575  -rdynamic && :
CMakeFiles/cmTC_c1575.dir/CheckSymbolExists.c.o：在函数‘main’中：
CheckSymbolExists.c:(.text+0xe)：对‘pthread_create’未定义的引用
CheckSymbolExists.c:(.text+0x12)：对‘pthread_create’未定义的引用
collect2: error: ld returned 1 exit status
ninja: build stopped: subcommand failed.

File /home/odroid/catkin_ws/build_isolated/cartographer/install/CMakeFiles/CMakeTmp/CheckSymbolExists.c:
/* */
#include <pthread.h>

int main(int argc, char** argv)
{
  (void)argv;
#ifndef pthread_create
  return ((int*)(&pthread_create))[argc];
#else
  (void)argc;
  return 0;
#endif
}

Determining if the function pthread_create exists in the pthreads failed with the following output:
Change Dir: /home/odroid/catkin_ws/build_isolated/cartographer/install/CMakeFiles/CMakeTmp

Run Build Command:"/usr/bin/ninja" "cmTC_81732"
[1/2] Building C object CMakeFiles/cmTC_81732.dir/CheckFunctionExists.c.o
[2/2] Linking C executable cmTC_81732
FAILED: : && /usr/bin/cc  -DCHECK_FUNCTION_EXISTS=pthread_create   CMakeFiles/cmTC_81732.dir/CheckFunctionExists.c.o  -o cmTC_81732  -rdynamic -lpthreads && :
/usr/bin/ld: 找不到 -lpthreads
collect2: error: ld returned 1 exit status
ninja: build stopped: subcommand failed.


