Determining if the pthread_create exist failed with the following output:
Change Dir: /home/gse5/catkin_ws/cartographer_ws/build_isolated/jackal_simulator/CMakeFiles/CMakeTmp

Run Build Command:"/usr/bin/ninja" "cmTC_efbf3"
[1/2] Building C object CMakeFiles/cmTC_efbf3.dir/CheckSymbolExists.c.o
[2/2] Linking C executable cmTC_efbf3
FAILED: cmTC_efbf3 
: && /usr/bin/cc   -rdynamic CMakeFiles/cmTC_efbf3.dir/CheckSymbolExists.c.o  -o cmTC_efbf3   && :
CMakeFiles/cmTC_efbf3.dir/CheckSymbolExists.c.o : Dans la fonction « main » :
CheckSymbolExists.c:(.text+0x1b) : référence indéfinie vers « pthread_create »
collect2: error: ld returned 1 exit status
ninja: build stopped: subcommand failed.

File /home/gse5/catkin_ws/cartographer_ws/build_isolated/jackal_simulator/CMakeFiles/CMakeTmp/CheckSymbolExists.c:
/* */
#include <pthread.h>

int main(int argc, char** argv)
{
  (void)argv;
#ifndef pthread_create
  return ((int*)(&pthread_create))[argc];
#else
  (void)argc;
  return 0;
#endif
}

Determining if the function pthread_create exists in the pthreads failed with the following output:
Change Dir: /home/gse5/catkin_ws/cartographer_ws/build_isolated/jackal_simulator/CMakeFiles/CMakeTmp

Run Build Command:"/usr/bin/ninja" "cmTC_a7385"
[1/2] Building C object CMakeFiles/cmTC_a7385.dir/CheckFunctionExists.c.o
[2/2] Linking C executable cmTC_a7385
FAILED: cmTC_a7385 
: && /usr/bin/cc -DCHECK_FUNCTION_EXISTS=pthread_create  -rdynamic CMakeFiles/cmTC_a7385.dir/CheckFunctionExists.c.o  -o cmTC_a7385  -lpthreads && :
/usr/bin/ld : ne peut trouver -lpthreads
collect2: error: ld returned 1 exit status
ninja: build stopped: subcommand failed.


