Determining if the pthread_create exist failed with the following output:
Change Dir: /home/odroid/catkin_ws/build_isolated/cartographer/devel/CMakeFiles/CMakeTmp

Run Build Command:"/usr/bin/make" "cmTC_ee175/fast"
/usr/bin/make -f CMakeFiles/cmTC_ee175.dir/build.make CMakeFiles/cmTC_ee175.dir/build
make[1]: Entering directory '/home/odroid/catkin_ws/build_isolated/cartographer/devel/CMakeFiles/CMakeTmp'
Building C object CMakeFiles/cmTC_ee175.dir/CheckSymbolExists.c.o
/usr/bin/cc     -o CMakeFiles/cmTC_ee175.dir/CheckSymbolExists.c.o   -c /home/odroid/catkin_ws/build_isolated/cartographer/devel/CMakeFiles/CMakeTmp/CheckSymbolExists.c
Linking C executable cmTC_ee175
/usr/bin/cmake -E cmake_link_script CMakeFiles/cmTC_ee175.dir/link.txt --verbose=1
/usr/bin/cc       CMakeFiles/cmTC_ee175.dir/CheckSymbolExists.c.o  -o cmTC_ee175 -rdynamic 
CMakeFiles/cmTC_ee175.dir/CheckSymbolExists.c.o：在函数‘main’中：
CheckSymbolExists.c:(.text+0xe)：对‘pthread_create’未定义的引用
CheckSymbolExists.c:(.text+0x12)：对‘pthread_create’未定义的引用
collect2: error: ld returned 1 exit status
CMakeFiles/cmTC_ee175.dir/build.make:97: recipe for target 'cmTC_ee175' failed
make[1]: *** [cmTC_ee175] Error 1
make[1]: Leaving directory '/home/odroid/catkin_ws/build_isolated/cartographer/devel/CMakeFiles/CMakeTmp'
Makefile:126: recipe for target 'cmTC_ee175/fast' failed
make: *** [cmTC_ee175/fast] Error 2

File /home/odroid/catkin_ws/build_isolated/cartographer/devel/CMakeFiles/CMakeTmp/CheckSymbolExists.c:
/* */
#include <pthread.h>

int main(int argc, char** argv)
{
  (void)argv;
#ifndef pthread_create
  return ((int*)(&pthread_create))[argc];
#else
  (void)argc;
  return 0;
#endif
}

Determining if the function pthread_create exists in the pthreads failed with the following output:
Change Dir: /home/odroid/catkin_ws/build_isolated/cartographer/devel/CMakeFiles/CMakeTmp

Run Build Command:"/usr/bin/make" "cmTC_d2282/fast"
/usr/bin/make -f CMakeFiles/cmTC_d2282.dir/build.make CMakeFiles/cmTC_d2282.dir/build
make[1]: Entering directory '/home/odroid/catkin_ws/build_isolated/cartographer/devel/CMakeFiles/CMakeTmp'
Building C object CMakeFiles/cmTC_d2282.dir/CheckFunctionExists.c.o
/usr/bin/cc    -DCHECK_FUNCTION_EXISTS=pthread_create   -o CMakeFiles/cmTC_d2282.dir/CheckFunctionExists.c.o   -c /usr/share/cmake-3.5/Modules/CheckFunctionExists.c
Linking C executable cmTC_d2282
/usr/bin/cmake -E cmake_link_script CMakeFiles/cmTC_d2282.dir/link.txt --verbose=1
/usr/bin/cc   -DCHECK_FUNCTION_EXISTS=pthread_create    CMakeFiles/cmTC_d2282.dir/CheckFunctionExists.c.o  -o cmTC_d2282 -rdynamic -lpthreads 
/usr/bin/ld: 找不到 -lpthreads
collect2: error: ld returned 1 exit status
CMakeFiles/cmTC_d2282.dir/build.make:97: recipe for target 'cmTC_d2282' failed
make[1]: *** [cmTC_d2282] Error 1
make[1]: Leaving directory '/home/odroid/catkin_ws/build_isolated/cartographer/devel/CMakeFiles/CMakeTmp'
Makefile:126: recipe for target 'cmTC_d2282/fast' failed
make: *** [cmTC_d2282/fast] Error 2


