Determining if the pthread_create exist failed with the following output:
Change Dir: /home/gse5/catkin_ws/cartographer_ws/build_isolated/ceres-solver/install/CMakeFiles/CMakeTmp

Run Build Command:"/usr/bin/ninja" "cmTC_c2655"
[1/2] Building C object CMakeFiles/cmTC_c2655.dir/CheckSymbolExists.c.o
[2/2] Linking C executable cmTC_c2655
FAILED: cmTC_c2655 
: && /usr/bin/cc   -rdynamic CMakeFiles/cmTC_c2655.dir/CheckSymbolExists.c.o  -o cmTC_c2655   && :
CMakeFiles/cmTC_c2655.dir/CheckSymbolExists.c.o : Dans la fonction « main » :
CheckSymbolExists.c:(.text+0x1b) : référence indéfinie vers « pthread_create »
collect2: error: ld returned 1 exit status
ninja: build stopped: subcommand failed.

File /home/gse5/catkin_ws/cartographer_ws/build_isolated/ceres-solver/install/CMakeFiles/CMakeTmp/CheckSymbolExists.c:
/* */
#include <pthread.h>

int main(int argc, char** argv)
{
  (void)argv;
#ifndef pthread_create
  return ((int*)(&pthread_create))[argc];
#else
  (void)argc;
  return 0;
#endif
}

Determining if the function pthread_create exists in the pthreads failed with the following output:
Change Dir: /home/gse5/catkin_ws/cartographer_ws/build_isolated/ceres-solver/install/CMakeFiles/CMakeTmp

Run Build Command:"/usr/bin/ninja" "cmTC_88dbd"
[1/2] Building C object CMakeFiles/cmTC_88dbd.dir/CheckFunctionExists.c.o
[2/2] Linking C executable cmTC_88dbd
FAILED: cmTC_88dbd 
: && /usr/bin/cc -DCHECK_FUNCTION_EXISTS=pthread_create  -rdynamic CMakeFiles/cmTC_88dbd.dir/CheckFunctionExists.c.o  -o cmTC_88dbd  -lpthreads && :
/usr/bin/ld : ne peut trouver -lpthreads
collect2: error: ld returned 1 exit status
ninja: build stopped: subcommand failed.


