Determining if the pthread_create exist failed with the following output:
Change Dir: /home/odroid/catkin_ws/build_isolated/rplidar_ros/CMakeFiles/CMakeTmp

Run Build Command:"/usr/bin/make" "cmTC_b0a5b/fast"
/usr/bin/make -f CMakeFiles/cmTC_b0a5b.dir/build.make CMakeFiles/cmTC_b0a5b.dir/build
make[1]: Entering directory '/home/odroid/catkin_ws/build_isolated/rplidar_ros/CMakeFiles/CMakeTmp'
Building C object CMakeFiles/cmTC_b0a5b.dir/CheckSymbolExists.c.o
/usr/bin/cc     -o CMakeFiles/cmTC_b0a5b.dir/CheckSymbolExists.c.o   -c /home/odroid/catkin_ws/build_isolated/rplidar_ros/CMakeFiles/CMakeTmp/CheckSymbolExists.c
Linking C executable cmTC_b0a5b
/usr/bin/cmake -E cmake_link_script CMakeFiles/cmTC_b0a5b.dir/link.txt --verbose=1
/usr/bin/cc       CMakeFiles/cmTC_b0a5b.dir/CheckSymbolExists.c.o  -o cmTC_b0a5b -rdynamic 
CMakeFiles/cmTC_b0a5b.dir/CheckSymbolExists.c.o：在函数‘main’中：
CheckSymbolExists.c:(.text+0xe)：对‘pthread_create’未定义的引用
CheckSymbolExists.c:(.text+0x12)：对‘pthread_create’未定义的引用
collect2: error: ld returned 1 exit status
CMakeFiles/cmTC_b0a5b.dir/build.make:97: recipe for target 'cmTC_b0a5b' failed
make[1]: *** [cmTC_b0a5b] Error 1
make[1]: Leaving directory '/home/odroid/catkin_ws/build_isolated/rplidar_ros/CMakeFiles/CMakeTmp'
Makefile:126: recipe for target 'cmTC_b0a5b/fast' failed
make: *** [cmTC_b0a5b/fast] Error 2

File /home/odroid/catkin_ws/build_isolated/rplidar_ros/CMakeFiles/CMakeTmp/CheckSymbolExists.c:
/* */
#include <pthread.h>

int main(int argc, char** argv)
{
  (void)argv;
#ifndef pthread_create
  return ((int*)(&pthread_create))[argc];
#else
  (void)argc;
  return 0;
#endif
}

Determining if the function pthread_create exists in the pthreads failed with the following output:
Change Dir: /home/odroid/catkin_ws/build_isolated/rplidar_ros/CMakeFiles/CMakeTmp

Run Build Command:"/usr/bin/make" "cmTC_62d48/fast"
/usr/bin/make -f CMakeFiles/cmTC_62d48.dir/build.make CMakeFiles/cmTC_62d48.dir/build
make[1]: Entering directory '/home/odroid/catkin_ws/build_isolated/rplidar_ros/CMakeFiles/CMakeTmp'
Building C object CMakeFiles/cmTC_62d48.dir/CheckFunctionExists.c.o
/usr/bin/cc    -DCHECK_FUNCTION_EXISTS=pthread_create   -o CMakeFiles/cmTC_62d48.dir/CheckFunctionExists.c.o   -c /usr/share/cmake-3.5/Modules/CheckFunctionExists.c
Linking C executable cmTC_62d48
/usr/bin/cmake -E cmake_link_script CMakeFiles/cmTC_62d48.dir/link.txt --verbose=1
/usr/bin/cc   -DCHECK_FUNCTION_EXISTS=pthread_create    CMakeFiles/cmTC_62d48.dir/CheckFunctionExists.c.o  -o cmTC_62d48 -rdynamic -lpthreads 
/usr/bin/ld: 找不到 -lpthreads
collect2: error: ld returned 1 exit status
CMakeFiles/cmTC_62d48.dir/build.make:97: recipe for target 'cmTC_62d48' failed
make[1]: *** [cmTC_62d48] Error 1
make[1]: Leaving directory '/home/odroid/catkin_ws/build_isolated/rplidar_ros/CMakeFiles/CMakeTmp'
Makefile:126: recipe for target 'cmTC_62d48/fast' failed
make: *** [cmTC_62d48/fast] Error 2


