Determining if the pthread_create exist failed with the following output:
Change Dir: /home/gse5/catkin_ws/build_isolated/turtlebot_follower/CMakeFiles/CMakeTmp

Run Build Command:"/usr/bin/gmake" "cmTC_a053c/fast"
/usr/bin/gmake -f CMakeFiles/cmTC_a053c.dir/build.make CMakeFiles/cmTC_a053c.dir/build
gmake[1] : on entre dans le répertoire « /home/gse5/catkin_ws/build_isolated/turtlebot_follower/CMakeFiles/CMakeTmp »
Building C object CMakeFiles/cmTC_a053c.dir/CheckSymbolExists.c.o
/usr/bin/cc    -o CMakeFiles/cmTC_a053c.dir/CheckSymbolExists.c.o   -c /home/gse5/catkin_ws/build_isolated/turtlebot_follower/CMakeFiles/CMakeTmp/CheckSymbolExists.c
Linking C executable cmTC_a053c
/usr/bin/cmake -E cmake_link_script CMakeFiles/cmTC_a053c.dir/link.txt --verbose=1
/usr/bin/cc      -rdynamic CMakeFiles/cmTC_a053c.dir/CheckSymbolExists.c.o  -o cmTC_a053c 
CMakeFiles/cmTC_a053c.dir/CheckSymbolExists.c.o : Dans la fonction « main » :
CheckSymbolExists.c:(.text+0x1b) : référence indéfinie vers « pthread_create »
collect2: error: ld returned 1 exit status
CMakeFiles/cmTC_a053c.dir/build.make:97: recipe for target 'cmTC_a053c' failed
gmake[1]: *** [cmTC_a053c] Error 1
gmake[1] : on quitte le répertoire « /home/gse5/catkin_ws/build_isolated/turtlebot_follower/CMakeFiles/CMakeTmp »
Makefile:126: recipe for target 'cmTC_a053c/fast' failed
gmake: *** [cmTC_a053c/fast] Error 2

File /home/gse5/catkin_ws/build_isolated/turtlebot_follower/CMakeFiles/CMakeTmp/CheckSymbolExists.c:
/* */
#include <pthread.h>

int main(int argc, char** argv)
{
  (void)argv;
#ifndef pthread_create
  return ((int*)(&pthread_create))[argc];
#else
  (void)argc;
  return 0;
#endif
}

Determining if the function pthread_create exists in the pthreads failed with the following output:
Change Dir: /home/gse5/catkin_ws/build_isolated/turtlebot_follower/CMakeFiles/CMakeTmp

Run Build Command:"/usr/bin/gmake" "cmTC_d8a9e/fast"
/usr/bin/gmake -f CMakeFiles/cmTC_d8a9e.dir/build.make CMakeFiles/cmTC_d8a9e.dir/build
gmake[1] : on entre dans le répertoire « /home/gse5/catkin_ws/build_isolated/turtlebot_follower/CMakeFiles/CMakeTmp »
Building C object CMakeFiles/cmTC_d8a9e.dir/CheckFunctionExists.c.o
/usr/bin/cc   -DCHECK_FUNCTION_EXISTS=pthread_create   -o CMakeFiles/cmTC_d8a9e.dir/CheckFunctionExists.c.o   -c /usr/share/cmake-3.10/Modules/CheckFunctionExists.c
Linking C executable cmTC_d8a9e
/usr/bin/cmake -E cmake_link_script CMakeFiles/cmTC_d8a9e.dir/link.txt --verbose=1
/usr/bin/cc  -DCHECK_FUNCTION_EXISTS=pthread_create    -rdynamic CMakeFiles/cmTC_d8a9e.dir/CheckFunctionExists.c.o  -o cmTC_d8a9e -lpthreads 
/usr/bin/ld : ne peut trouver -lpthreads
collect2: error: ld returned 1 exit status
CMakeFiles/cmTC_d8a9e.dir/build.make:97: recipe for target 'cmTC_d8a9e' failed
gmake[1]: *** [cmTC_d8a9e] Error 1
gmake[1] : on quitte le répertoire « /home/gse5/catkin_ws/build_isolated/turtlebot_follower/CMakeFiles/CMakeTmp »
Makefile:126: recipe for target 'cmTC_d8a9e/fast' failed
gmake: *** [cmTC_d8a9e/fast] Error 2


