Determining if the pthread_create exist failed with the following output:
Change Dir: /home/gse5/catkin_ws/build_isolated/turtlebot_arm_block_manipulation/CMakeFiles/CMakeTmp

Run Build Command:"/usr/bin/gmake" "cmTC_88d31/fast"
/usr/bin/gmake -f CMakeFiles/cmTC_88d31.dir/build.make CMakeFiles/cmTC_88d31.dir/build
gmake[1] : on entre dans le répertoire « /home/gse5/catkin_ws/build_isolated/turtlebot_arm_block_manipulation/CMakeFiles/CMakeTmp »
Building C object CMakeFiles/cmTC_88d31.dir/CheckSymbolExists.c.o
/usr/bin/cc    -o CMakeFiles/cmTC_88d31.dir/CheckSymbolExists.c.o   -c /home/gse5/catkin_ws/build_isolated/turtlebot_arm_block_manipulation/CMakeFiles/CMakeTmp/CheckSymbolExists.c
Linking C executable cmTC_88d31
/usr/bin/cmake -E cmake_link_script CMakeFiles/cmTC_88d31.dir/link.txt --verbose=1
/usr/bin/cc      -rdynamic CMakeFiles/cmTC_88d31.dir/CheckSymbolExists.c.o  -o cmTC_88d31 
CMakeFiles/cmTC_88d31.dir/CheckSymbolExists.c.o : Dans la fonction « main » :
CheckSymbolExists.c:(.text+0x1b) : référence indéfinie vers « pthread_create »
collect2: error: ld returned 1 exit status
CMakeFiles/cmTC_88d31.dir/build.make:97: recipe for target 'cmTC_88d31' failed
gmake[1]: *** [cmTC_88d31] Error 1
gmake[1] : on quitte le répertoire « /home/gse5/catkin_ws/build_isolated/turtlebot_arm_block_manipulation/CMakeFiles/CMakeTmp »
Makefile:126: recipe for target 'cmTC_88d31/fast' failed
gmake: *** [cmTC_88d31/fast] Error 2

File /home/gse5/catkin_ws/build_isolated/turtlebot_arm_block_manipulation/CMakeFiles/CMakeTmp/CheckSymbolExists.c:
/* */
#include <pthread.h>

int main(int argc, char** argv)
{
  (void)argv;
#ifndef pthread_create
  return ((int*)(&pthread_create))[argc];
#else
  (void)argc;
  return 0;
#endif
}

Determining if the function pthread_create exists in the pthreads failed with the following output:
Change Dir: /home/gse5/catkin_ws/build_isolated/turtlebot_arm_block_manipulation/CMakeFiles/CMakeTmp

Run Build Command:"/usr/bin/gmake" "cmTC_e18ba/fast"
/usr/bin/gmake -f CMakeFiles/cmTC_e18ba.dir/build.make CMakeFiles/cmTC_e18ba.dir/build
gmake[1] : on entre dans le répertoire « /home/gse5/catkin_ws/build_isolated/turtlebot_arm_block_manipulation/CMakeFiles/CMakeTmp »
Building C object CMakeFiles/cmTC_e18ba.dir/CheckFunctionExists.c.o
/usr/bin/cc   -DCHECK_FUNCTION_EXISTS=pthread_create   -o CMakeFiles/cmTC_e18ba.dir/CheckFunctionExists.c.o   -c /usr/share/cmake-3.10/Modules/CheckFunctionExists.c
Linking C executable cmTC_e18ba
/usr/bin/cmake -E cmake_link_script CMakeFiles/cmTC_e18ba.dir/link.txt --verbose=1
/usr/bin/cc  -DCHECK_FUNCTION_EXISTS=pthread_create    -rdynamic CMakeFiles/cmTC_e18ba.dir/CheckFunctionExists.c.o  -o cmTC_e18ba -lpthreads 
/usr/bin/ld : ne peut trouver -lpthreads
collect2: error: ld returned 1 exit status
CMakeFiles/cmTC_e18ba.dir/build.make:97: recipe for target 'cmTC_e18ba' failed
gmake[1]: *** [cmTC_e18ba] Error 1
gmake[1] : on quitte le répertoire « /home/gse5/catkin_ws/build_isolated/turtlebot_arm_block_manipulation/CMakeFiles/CMakeTmp »
Makefile:126: recipe for target 'cmTC_e18ba/fast' failed
gmake: *** [cmTC_e18ba/fast] Error 2


